<?xml version="1.0" encoding="UTF-8"?>
<coverage generated="1766045845">
  <project timestamp="1766045845" name="Clover Coverage">
    <package name="Zen\Modulr\Concerns">
      <file name="/src/Concerns/ConfiguresCommands.php">
        <class name="Zen\Modulr\Concerns\ConfiguresCommands" namespace="Zen\Modulr\Concerns">
          <metrics complexity="18" methods="5" coveredmethods="4" conditionals="0" coveredconditionals="0" statements="47" coveredstatements="46" elements="52" coveredelements="50"/>
        </class>
        <line num="21" type="method" name="getDefaultNamespace" visibility="protected" complexity="4" crap="4" count="51"/>
        <line num="24" type="stmt" count="51"/>
        <line num="25" type="stmt" count="51"/>
        <line num="27" type="stmt" count="51"/>
        <line num="28" type="stmt" count="24"/>
        <line num="31" type="stmt" count="28"/>
        <line num="32" type="stmt" count="28"/>
        <line num="34" type="stmt" count="28"/>
        <line num="35" type="stmt" count="26"/>
        <line num="36" type="stmt" count="26"/>
        <line num="37" type="stmt" count="26"/>
        <line num="40" type="stmt" count="28"/>
        <line num="48" type="method" name="qualifyClass" visibility="protected" complexity="4" crap="4" count="55"/>
        <line num="50" type="stmt" count="55"/>
        <line num="51" type="stmt" count="55"/>
        <line num="53" type="stmt" count="54"/>
        <line num="54" type="stmt" count="25"/>
        <line num="57" type="stmt" count="30"/>
        <line num="59" type="stmt" count="30"/>
        <line num="60" type="stmt" count="30"/>
        <line num="63" type="stmt" count="30"/>
        <line num="69" type="method" name="qualifyModel" visibility="protected" complexity="3" crap="3.03" count="3"/>
        <line num="71" type="stmt" count="3"/>
        <line num="73" type="stmt" count="3"/>
        <line num="74" type="stmt" count="2"/>
        <line num="77" type="stmt" count="2"/>
        <line num="79" type="stmt" count="2"/>
        <line num="80" type="stmt" count="2"/>
        <line num="83" type="stmt" count="0"/>
        <line num="91" type="method" name="getPath" visibility="protected" complexity="5" crap="5" count="52"/>
        <line num="93" type="stmt" count="52"/>
        <line num="95" type="stmt" count="52"/>
        <line num="96" type="stmt" count="30"/>
        <line num="97" type="stmt" count="30"/>
        <line num="98" type="stmt" count="30"/>
        <line num="103" type="stmt" count="52"/>
        <line num="105" type="stmt" count="52"/>
        <line num="106" type="stmt" count="30"/>
        <line num="108" type="stmt" count="30"/>
        <line num="109" type="stmt" count="30"/>
        <line num="110" type="stmt" count="30"/>
        <line num="111" type="stmt" count="30"/>
        <line num="112" type="stmt" count="30"/>
        <line num="115" type="stmt" count="30"/>
        <line num="117" type="stmt" count="30"/>
        <line num="118" type="stmt" count="30"/>
        <line num="121" type="stmt" count="30"/>
        <line num="124" type="stmt" count="52"/>
        <line num="131" type="method" name="call" visibility="public" complexity="2" crap="2" count="1"/>
        <line num="134" type="stmt" count="1"/>
        <line num="135" type="stmt" count="1"/>
        <line num="138" type="stmt" count="1"/>
        <metrics loc="141" ncloc="112" classes="1" methods="5" coveredmethods="4" conditionals="0" coveredconditionals="0" statements="47" coveredstatements="46" elements="52" coveredelements="50"/>
      </file>
      <file name="/src/Concerns/GeneratesModules.php">
        <class name="Zen\Modulr\Concerns\GeneratesModules" namespace="Zen\Modulr\Concerns">
          <metrics complexity="5" methods="2" coveredmethods="2" conditionals="0" coveredconditionals="0" statements="16" coveredstatements="16" elements="18" coveredelements="18"/>
        </class>
        <line num="18" type="method" name="module" visibility="protected" complexity="4" crap="4" count="61"/>
        <line num="20" type="stmt" count="61"/>
        <line num="22" type="stmt" count="61"/>
        <line num="24" type="stmt" count="34"/>
        <line num="26" type="stmt" count="34"/>
        <line num="27" type="stmt" count="33"/>
        <line num="30" type="stmt" count="1"/>
        <line num="33" type="stmt" count="28"/>
        <line num="39" type="method" name="configure" visibility="protected" complexity="1" crap="1" count="88"/>
        <line num="41" type="stmt" count="88"/>
        <line num="43" type="stmt" count="88"/>
        <line num="44" type="stmt" count="88"/>
        <line num="45" type="stmt" count="88"/>
        <line num="46" type="stmt" count="88"/>
        <line num="47" type="stmt" count="88"/>
        <line num="48" type="stmt" count="88"/>
        <line num="49" type="stmt" count="88"/>
        <line num="50" type="stmt" count="88"/>
        <metrics loc="53" ncloc="46" classes="1" methods="2" coveredmethods="2" conditionals="0" coveredconditionals="0" statements="16" coveredstatements="16" elements="18" coveredelements="18"/>
      </file>
    </package>
    <package name="Zen\Modulr\Console\Commands">
      <file name="/src/Console/Commands/CacheCommand.php">
        <class name="Zen\Modulr\Console\Commands\CacheCommand" namespace="Zen\Modulr\Console\Commands">
          <metrics complexity="2" methods="1" coveredmethods="0" conditionals="0" coveredconditionals="0" statements="12" coveredstatements="9" elements="13" coveredelements="9"/>
        </class>
        <line num="26" type="method" name="handle" visibility="public" complexity="2" crap="2.06" count="2"/>
        <line num="28" type="stmt" count="2"/>
        <line num="30" type="stmt" count="2"/>
        <line num="31" type="stmt" count="2"/>
        <line num="32" type="stmt" count="2"/>
        <line num="34" type="stmt" count="2"/>
        <line num="35" type="stmt" count="2"/>
        <line num="37" type="stmt" count="2"/>
        <line num="40" type="stmt" count="2"/>
        <line num="41" type="stmt" count="0"/>
        <line num="42" type="stmt" count="0"/>
        <line num="43" type="stmt" count="0"/>
        <line num="46" type="stmt" count="2"/>
        <metrics loc="49" ncloc="43" classes="1" methods="1" coveredmethods="0" conditionals="0" coveredconditionals="0" statements="12" coveredstatements="9" elements="13" coveredelements="9"/>
      </file>
      <file name="/src/Console/Commands/ClearCommand.php">
        <class name="Zen\Modulr\Console\Commands\ClearCommand" namespace="Zen\Modulr\Console\Commands">
          <metrics complexity="1" methods="1" coveredmethods="1" conditionals="0" coveredconditionals="0" statements="2" coveredstatements="2" elements="3" coveredelements="3"/>
        </class>
        <line num="23" type="method" name="handle" visibility="public" complexity="1" crap="1" count="47"/>
        <line num="25" type="stmt" count="47"/>
        <line num="26" type="stmt" count="47"/>
        <metrics loc="29" ncloc="23" classes="1" methods="1" coveredmethods="1" conditionals="0" coveredconditionals="0" statements="2" coveredstatements="2" elements="3" coveredelements="3"/>
      </file>
      <file name="/src/Console/Commands/InstallCommand.php">
        <class name="Zen\Modulr\Console\Commands\InstallCommand" namespace="Zen\Modulr\Console\Commands">
          <metrics complexity="28" methods="14" coveredmethods="1" conditionals="0" coveredconditionals="0" statements="163" coveredstatements="1" elements="177" coveredelements="2"/>
        </class>
        <line num="44" type="method" name="__construct" visibility="public" complexity="1" crap="1" count="108"/>
        <line num="48" type="stmt" count="108"/>
        <line num="57" type="method" name="handle" visibility="public" complexity="2" crap="6" count="0"/>
        <line num="60" type="stmt" count="0"/>
        <line num="61" type="stmt" count="0"/>
        <line num="64" type="stmt" count="0"/>
        <line num="65" type="stmt" count="0"/>
        <line num="68" type="stmt" count="0"/>
        <line num="69" type="stmt" count="0"/>
        <line num="72" type="stmt" count="0"/>
        <line num="73" type="stmt" count="0"/>
        <line num="74" type="stmt" count="0"/>
        <line num="75" type="stmt" count="0"/>
        <line num="77" type="stmt" count="0"/>
        <line num="79" type="stmt" count="0"/>
        <line num="80" type="stmt" count="0"/>
        <line num="81" type="stmt" count="0"/>
        <line num="82" type="stmt" count="0"/>
        <line num="83" type="stmt" count="0"/>
        <line num="84" type="stmt" count="0"/>
        <line num="86" type="stmt" count="0"/>
        <line num="88" type="stmt" count="0"/>
        <line num="90" type="stmt" count="0"/>
        <line num="96" type="method" name="installComposerPackage" visibility="protected" complexity="2" crap="6" count="0"/>
        <line num="98" type="stmt" count="0"/>
        <line num="100" type="stmt" count="0"/>
        <line num="101" type="stmt" count="0"/>
        <line num="102" type="stmt" count="0"/>
        <line num="104" type="stmt" count="0"/>
        <line num="105" type="stmt" count="0"/>
        <line num="107" type="stmt" count="0"/>
        <line num="108" type="stmt" count="0"/>
        <line num="109" type="stmt" count="0"/>
        <line num="111" type="stmt" count="0"/>
        <line num="113" type="stmt" count="0"/>
        <line num="115" type="stmt" count="0"/>
        <line num="116" type="stmt" count="0"/>
        <line num="117" type="stmt" count="0"/>
        <line num="119" type="stmt" count="0"/>
        <line num="125" type="method" name="makeNewModule" visibility="protected" complexity="1" crap="2" count="0"/>
        <line num="127" type="stmt" count="0"/>
        <line num="129" type="stmt" count="0"/>
        <line num="135" type="method" name="movePackageToModules" visibility="protected" complexity="2" crap="6" count="0"/>
        <line num="137" type="stmt" count="0"/>
        <line num="139" type="stmt" count="0"/>
        <line num="141" type="stmt" count="0"/>
        <line num="142" type="stmt" count="0"/>
        <line num="144" type="stmt" count="0"/>
        <line num="147" type="stmt" count="0"/>
        <line num="149" type="stmt" count="0"/>
        <line num="151" type="stmt" count="0"/>
        <line num="153" type="stmt" count="0"/>
        <line num="155" type="stmt" count="0"/>
        <line num="157" type="stmt" count="0"/>
        <line num="159" type="stmt" count="0"/>
        <line num="161" type="stmt" count="0"/>
        <line num="167" type="method" name="updateComposer" visibility="protected" complexity="2" crap="6" count="0"/>
        <line num="169" type="stmt" count="0"/>
        <line num="171" type="stmt" count="0"/>
        <line num="172" type="stmt" count="0"/>
        <line num="173" type="stmt" count="0"/>
        <line num="175" type="stmt" count="0"/>
        <line num="176" type="stmt" count="0"/>
        <line num="178" type="stmt" count="0"/>
        <line num="179" type="stmt" count="0"/>
        <line num="180" type="stmt" count="0"/>
        <line num="182" type="stmt" count="0"/>
        <line num="184" type="stmt" count="0"/>
        <line num="186" type="stmt" count="0"/>
        <line num="187" type="stmt" count="0"/>
        <line num="188" type="stmt" count="0"/>
        <line num="190" type="stmt" count="0"/>
        <line num="199" type="method" name="updateModuleComposerFile" visibility="protected" complexity="1" crap="2" count="0"/>
        <line num="201" type="stmt" count="0"/>
        <line num="203" type="stmt" count="0"/>
        <line num="205" type="stmt" count="0"/>
        <line num="207" type="stmt" count="0"/>
        <line num="209" type="stmt" count="0"/>
        <line num="210" type="stmt" count="0"/>
        <line num="212" type="stmt" count="0"/>
        <line num="213" type="stmt" count="0"/>
        <line num="214" type="stmt" count="0"/>
        <line num="215" type="stmt" count="0"/>
        <line num="216" type="stmt" count="0"/>
        <line num="217" type="stmt" count="0"/>
        <line num="218" type="stmt" count="0"/>
        <line num="220" type="stmt" count="0"/>
        <line num="222" type="stmt" count="0"/>
        <line num="224" type="stmt" count="0"/>
        <line num="226" type="stmt" count="0"/>
        <line num="232" type="method" name="ensureModulesDirectoryExists" visibility="protected" complexity="2" crap="6" count="0"/>
        <line num="234" type="stmt" count="0"/>
        <line num="235" type="stmt" count="0"/>
        <line num="236" type="stmt" count="0"/>
        <line num="239" type="stmt" count="0"/>
        <line num="248" type="method" name="updateCoreComposerConfig" visibility="protected" complexity="9" crap="90" count="0"/>
        <line num="250" type="stmt" count="0"/>
        <line num="252" type="stmt" count="0"/>
        <line num="253" type="stmt" count="0"/>
        <line num="254" type="stmt" count="0"/>
        <line num="256" type="stmt" count="0"/>
        <line num="258" type="stmt" count="0"/>
        <line num="260" type="stmt" count="0"/>
        <line num="262" type="stmt" count="0"/>
        <line num="263" type="stmt" count="0"/>
        <line num="266" type="stmt" count="0"/>
        <line num="267" type="stmt" count="0"/>
        <line num="271" type="stmt" count="0"/>
        <line num="272" type="stmt" count="0"/>
        <line num="273" type="stmt" count="0"/>
        <line num="274" type="stmt" count="0"/>
        <line num="275" type="stmt" count="0"/>
        <line num="276" type="stmt" count="0"/>
        <line num="277" type="stmt" count="0"/>
        <line num="278" type="stmt" count="0"/>
        <line num="280" type="stmt" count="0"/>
        <line num="283" type="stmt" count="0"/>
        <line num="284" type="stmt" count="0"/>
        <line num="285" type="stmt" count="0"/>
        <line num="287" type="stmt" count="0"/>
        <line num="288" type="stmt" count="0"/>
        <line num="289" type="stmt" count="0"/>
        <line num="291" type="stmt" count="0"/>
        <line num="292" type="stmt" count="0"/>
        <line num="294" type="stmt" count="0"/>
        <line num="296" type="stmt" count="0"/>
        <line num="300" type="stmt" count="0"/>
        <line num="301" type="stmt" count="0"/>
        <line num="302" type="stmt" count="0"/>
        <line num="303" type="stmt" count="0"/>
        <line num="305" type="stmt" count="0"/>
        <line num="306" type="stmt" count="0"/>
        <line num="310" type="stmt" count="0"/>
        <line num="311" type="stmt" count="0"/>
        <line num="312" type="stmt" count="0"/>
        <line num="313" type="stmt" count="0"/>
        <line num="315" type="stmt" count="0"/>
        <line num="316" type="stmt" count="0"/>
        <line num="319" type="stmt" count="0"/>
        <line num="320" type="stmt" count="0"/>
        <line num="321" type="stmt" count="0"/>
        <line num="323" type="stmt" count="0"/>
        <line num="326" type="stmt" count="0"/>
        <line num="328" type="stmt" count="0"/>
        <line num="337" type="method" name="sortComposerPackages" visibility="protected" complexity="1" crap="2" count="0"/>
        <line num="339" type="stmt" count="0"/>
        <line num="340" type="stmt" count="0"/>
        <line num="341" type="stmt" count="0"/>
        <line num="342" type="stmt" count="0"/>
        <line num="343" type="stmt" count="0"/>
        <line num="344" type="stmt" count="0"/>
        <line num="345" type="stmt" count="0"/>
        <line num="346" type="stmt" count="0"/>
        <line num="347" type="stmt" count="0"/>
        <line num="348" type="stmt" count="0"/>
        <line num="349" type="stmt" count="0"/>
        <line num="350" type="stmt" count="0"/>
        <line num="351" type="stmt" count="0"/>
        <line num="352" type="stmt" count="0"/>
        <line num="353" type="stmt" count="0"/>
        <line num="354" type="stmt" count="0"/>
        <line num="355" type="stmt" count="0"/>
        <line num="356" type="stmt" count="0"/>
        <line num="357" type="stmt" count="0"/>
        <line num="359" type="stmt" count="0"/>
        <line num="361" type="stmt" count="0"/>
        <line num="367" type="method" name="setUpStyles" visibility="protected" complexity="2" crap="6" count="0"/>
        <line num="369" type="stmt" count="0"/>
        <line num="371" type="stmt" count="0"/>
        <line num="372" type="stmt" count="0"/>
        <line num="379" type="method" name="title" visibility="protected" complexity="1" crap="2" count="0"/>
        <line num="381" type="stmt" count="0"/>
        <line num="389" type="method" name="newLine" visibility="public" complexity="1" crap="2" count="0"/>
        <line num="391" type="stmt" count="0"/>
        <line num="393" type="stmt" count="0"/>
        <line num="401" type="method" name="createProcess" visibility="public" complexity="1" crap="2" count="0"/>
        <line num="403" type="stmt" count="0"/>
        <metrics loc="406" ncloc="335" classes="1" methods="14" coveredmethods="1" conditionals="0" coveredconditionals="0" statements="163" coveredstatements="1" elements="177" coveredelements="2"/>
      </file>
      <file name="/src/Console/Commands/ListCommand.php">
        <class name="Zen\Modulr\Console\Commands\ListCommand" namespace="Zen\Modulr\Console\Commands">
          <metrics complexity="2" methods="1" coveredmethods="1" conditionals="0" coveredconditionals="0" statements="17" coveredstatements="17" elements="18" coveredelements="18"/>
        </class>
        <line num="18" type="method" name="handle" visibility="public" complexity="2" crap="2" count="1"/>
        <line num="20" type="stmt" count="1"/>
        <line num="22" type="stmt" count="1"/>
        <line num="23" type="stmt" count="1"/>
        <line num="24" type="stmt" count="1"/>
        <line num="26" type="stmt" count="1"/>
        <line num="27" type="stmt" count="1"/>
        <line num="30" type="stmt" count="1"/>
        <line num="31" type="stmt" count="1"/>
        <line num="32" type="stmt" count="1"/>
        <line num="33" type="stmt" count="1"/>
        <line num="34" type="stmt" count="1"/>
        <line num="35" type="stmt" count="1"/>
        <line num="36" type="stmt" count="1"/>
        <line num="38" type="stmt" count="1"/>
        <line num="39" type="stmt" count="1"/>
        <line num="40" type="stmt" count="1"/>
        <line num="42" type="stmt" count="1"/>
        <metrics loc="45" ncloc="45" classes="1" methods="1" coveredmethods="1" conditionals="0" coveredconditionals="0" statements="17" coveredstatements="17" elements="18" coveredelements="18"/>
      </file>
      <file name="/src/Console/Commands/SyncCommand.php">
        <class name="Zen\Modulr\Console\Commands\SyncCommand" namespace="Zen\Modulr\Console\Commands">
          <metrics complexity="24" methods="7" coveredmethods="2" conditionals="0" coveredconditionals="0" statements="75" coveredstatements="35" elements="82" coveredelements="37"/>
        </class>
        <line num="28" type="method" name="handle" visibility="public" complexity="2" crap="2" count="3"/>
        <line num="30" type="stmt" count="3"/>
        <line num="31" type="stmt" count="3"/>
        <line num="33" type="stmt" count="3"/>
        <line num="35" type="stmt" count="3"/>
        <line num="36" type="stmt" count="3"/>
        <line num="40" type="method" name="updatePhpUnit" visibility="protected" complexity="8" crap="48.30" count="3"/>
        <line num="42" type="stmt" count="3"/>
        <line num="44" type="stmt" count="3"/>
        <line num="45" type="stmt" count="3"/>
        <line num="47" type="stmt" count="3"/>
        <line num="51" type="stmt" count="0"/>
        <line num="53" type="stmt" count="0"/>
        <line num="54" type="stmt" count="0"/>
        <line num="55" type="stmt" count="0"/>
        <line num="57" type="stmt" count="0"/>
        <line num="60" type="stmt" count="0"/>
        <line num="62" type="stmt" count="0"/>
        <line num="63" type="stmt" count="0"/>
        <line num="65" type="stmt" count="0"/>
        <line num="68" type="stmt" count="0"/>
        <line num="69" type="stmt" count="0"/>
        <line num="70" type="stmt" count="0"/>
        <line num="72" type="stmt" count="0"/>
        <line num="76" type="stmt" count="0"/>
        <line num="77" type="stmt" count="0"/>
        <line num="78" type="stmt" count="0"/>
        <line num="80" type="stmt" count="0"/>
        <line num="81" type="stmt" count="0"/>
        <line num="82" type="stmt" count="0"/>
        <line num="84" type="stmt" count="0"/>
        <line num="86" type="stmt" count="0"/>
        <line num="87" type="stmt" count="0"/>
        <line num="88" type="stmt" count="0"/>
        <line num="89" type="stmt" count="0"/>
        <line num="93" type="method" name="updatePhpStormConfig" visibility="protected" complexity="1" crap="1" count="3"/>
        <line num="95" type="stmt" count="3"/>
        <line num="96" type="stmt" count="3"/>
        <line num="97" type="stmt" count="3"/>
        <line num="98" type="stmt" count="3"/>
        <line num="101" type="method" name="updatePhpStormLaravelPlugin" visibility="protected" complexity="3" crap="3.21" count="3"/>
        <line num="103" type="stmt" count="3"/>
        <line num="104" type="stmt" count="3"/>
        <line num="106" type="stmt" count="3"/>
        <line num="107" type="stmt" count="0"/>
        <line num="109" type="stmt" count="3"/>
        <line num="110" type="stmt" count="3"/>
        <line num="111" type="stmt" count="0"/>
        <line num="116" type="method" name="updatePhpStormPhpConfig" visibility="protected" complexity="3" crap="3.71" count="3"/>
        <line num="118" type="stmt" count="3"/>
        <line num="119" type="stmt" count="3"/>
        <line num="121" type="stmt" count="3"/>
        <line num="122" type="stmt" count="3"/>
        <line num="124" type="stmt" count="0"/>
        <line num="125" type="stmt" count="0"/>
        <line num="126" type="stmt" count="0"/>
        <line num="131" type="method" name="updatePhpStormWorkspaceConfig" visibility="protected" complexity="3" crap="3.03" count="3"/>
        <line num="133" type="stmt" count="3"/>
        <line num="134" type="stmt" count="3"/>
        <line num="136" type="stmt" count="3"/>
        <line num="137" type="stmt" count="2"/>
        <line num="139" type="stmt" count="1"/>
        <line num="140" type="stmt" count="1"/>
        <line num="141" type="stmt" count="0"/>
        <line num="146" type="method" name="updatePhpStormProjectIml" visibility="protected" complexity="4" crap="7.26" count="3"/>
        <line num="148" type="stmt" count="3"/>
        <line num="149" type="stmt" count="3"/>
        <line num="150" type="stmt" count="0"/>
        <line num="153" type="stmt" count="3"/>
        <line num="154" type="stmt" count="3"/>
        <line num="155" type="stmt" count="3"/>
        <line num="156" type="stmt" count="3"/>
        <line num="157" type="stmt" count="0"/>
        <line num="158" type="stmt" count="0"/>
        <line num="160" type="stmt" count="0"/>
        <line num="161" type="stmt" count="0"/>
        <line num="163" type="stmt" count="0"/>
        <line num="166" type="stmt" count="0"/>
        <line num="168" type="stmt" count="0"/>
        <line num="169" type="stmt" count="0"/>
        <line num="172" type="stmt" count="0"/>
        <line num="173" type="stmt" count="3"/>
        <metrics loc="176" ncloc="174" classes="1" methods="7" coveredmethods="2" conditionals="0" coveredconditionals="0" statements="75" coveredstatements="35" elements="82" coveredelements="37"/>
      </file>
    </package>
    <package name="Zen\Modulr\Console\Commands\Database">
      <file name="/src/Console/Commands/Database/SeedCommand.php">
        <class name="Zen\Modulr\Console\Commands\Database\SeedCommand" namespace="Zen\Modulr\Console\Commands\Database">
          <metrics complexity="4" methods="1" coveredmethods="1" conditionals="0" coveredconditionals="0" statements="12" coveredstatements="12" elements="13" coveredelements="13"/>
        </class>
        <line num="21" type="method" name="getSeeder" visibility="protected" complexity="4" crap="4" count="4"/>
        <line num="24" type="stmt" count="4"/>
        <line num="26" type="stmt" count="2"/>
        <line num="28" type="stmt" count="2"/>
        <line num="30" type="stmt" count="2"/>
        <line num="31" type="stmt" count="1"/>
        <line num="32" type="stmt" count="1"/>
        <line num="33" type="stmt" count="1"/>
        <line num="37" type="stmt" count="2"/>
        <line num="39" type="stmt" count="2"/>
        <line num="40" type="stmt" count="2"/>
        <line num="41" type="stmt" count="2"/>
        <line num="44" type="stmt" count="2"/>
        <metrics loc="47" ncloc="41" classes="1" methods="1" coveredmethods="1" conditionals="0" coveredconditionals="0" statements="12" coveredstatements="12" elements="13" coveredelements="13"/>
      </file>
    </package>
    <package name="Zen\Modulr\Console\Commands\Make">
      <file name="/src/Console/Commands/Make/MakeCast.php">
        <class name="Zen\Modulr\Console\Commands\Make\MakeCast" namespace="Zen\Modulr\Console\Commands\Make">
          <metrics complexity="0" methods="0" coveredmethods="0" conditionals="0" coveredconditionals="0" statements="0" coveredstatements="0" elements="0" coveredelements="0"/>
        </class>
        <metrics loc="14" ncloc="14" classes="0" methods="0" coveredmethods="0" conditionals="0" coveredconditionals="0" statements="0" coveredstatements="0" elements="0" coveredelements="0"/>
      </file>
      <file name="/src/Console/Commands/Make/MakeChannel.php">
        <class name="Zen\Modulr\Console\Commands\Make\MakeChannel" namespace="Zen\Modulr\Console\Commands\Make">
          <metrics complexity="0" methods="0" coveredmethods="0" conditionals="0" coveredconditionals="0" statements="0" coveredstatements="0" elements="0" coveredelements="0"/>
        </class>
        <metrics loc="14" ncloc="14" classes="0" methods="0" coveredmethods="0" conditionals="0" coveredconditionals="0" statements="0" coveredstatements="0" elements="0" coveredelements="0"/>
      </file>
      <file name="/src/Console/Commands/Make/MakeCommand.php">
        <class name="Zen\Modulr\Console\Commands\Make\MakeCommand" namespace="Zen\Modulr\Console\Commands\Make">
          <metrics complexity="4" methods="1" coveredmethods="1" conditionals="0" coveredconditionals="0" statements="11" coveredstatements="11" elements="12" coveredelements="12"/>
        </class>
        <line num="24" type="method" name="replaceClass" visibility="protected" complexity="4" crap="4" count="4"/>
        <line num="27" type="stmt" count="4"/>
        <line num="30" type="stmt" count="4"/>
        <line num="31" type="stmt" count="4"/>
        <line num="33" type="stmt" count="4"/>
        <line num="34" type="stmt" count="3"/>
        <line num="35" type="stmt" count="1"/>
        <line num="37" type="stmt" count="2"/>
        <line num="38" type="stmt" count="2"/>
        <line num="42" type="stmt" count="1"/>
        <line num="43" type="stmt" count="1"/>
        <line num="46" type="stmt" count="4"/>
        <metrics loc="49" ncloc="41" classes="1" methods="1" coveredmethods="1" conditionals="0" coveredconditionals="0" statements="11" coveredstatements="11" elements="12" coveredelements="12"/>
      </file>
      <file name="/src/Console/Commands/Make/MakeComponent.php">
        <class name="Zen\Modulr\Console\Commands\Make\MakeComponent" namespace="Zen\Modulr\Console\Commands\Make">
          <metrics complexity="2" methods="1" coveredmethods="1" conditionals="0" coveredconditionals="0" statements="3" coveredstatements="3" elements="4" coveredelements="4"/>
        </class>
        <line num="22" type="method" name="viewPath" visibility="protected" complexity="2" crap="2" count="3"/>
        <line num="25" type="stmt" count="3"/>
        <line num="26" type="stmt" count="2"/>
        <line num="29" type="stmt" count="1"/>
        <metrics loc="32" ncloc="27" classes="1" methods="1" coveredmethods="1" conditionals="0" coveredconditionals="0" statements="3" coveredstatements="3" elements="4" coveredelements="4"/>
      </file>
      <file name="/src/Console/Commands/Make/MakeController.php">
        <class name="Zen\Modulr\Console\Commands\Make\MakeController" namespace="Zen\Modulr\Console\Commands\Make">
          <metrics complexity="3" methods="1" coveredmethods="0" conditionals="0" coveredconditionals="0" statements="8" coveredstatements="2" elements="9" coveredelements="2"/>
        </class>
        <line num="24" type="method" name="parseModel" visibility="protected" complexity="3" crap="6.80" count="1"/>
        <line num="27" type="stmt" count="1"/>
        <line num="28" type="stmt" count="0"/>
        <line num="31" type="stmt" count="1"/>
        <line num="33" type="stmt" count="0"/>
        <line num="36" type="stmt" count="0"/>
        <line num="37" type="stmt" count="0"/>
        <line num="38" type="stmt" count="0"/>
        <line num="41" type="stmt" count="0"/>
        <metrics loc="44" ncloc="38" classes="1" methods="1" coveredmethods="0" conditionals="0" coveredconditionals="0" statements="8" coveredstatements="2" elements="9" coveredelements="2"/>
      </file>
      <file name="/src/Console/Commands/Make/MakeEvent.php">
        <class name="Zen\Modulr\Console\Commands\Make\MakeEvent" namespace="Zen\Modulr\Console\Commands\Make">
          <metrics complexity="0" methods="0" coveredmethods="0" conditionals="0" coveredconditionals="0" statements="0" coveredstatements="0" elements="0" coveredelements="0"/>
        </class>
        <metrics loc="14" ncloc="14" classes="0" methods="0" coveredmethods="0" conditionals="0" coveredconditionals="0" statements="0" coveredstatements="0" elements="0" coveredelements="0"/>
      </file>
      <file name="/src/Console/Commands/Make/MakeException.php">
        <class name="Zen\Modulr\Console\Commands\Make\MakeException" namespace="Zen\Modulr\Console\Commands\Make">
          <metrics complexity="0" methods="0" coveredmethods="0" conditionals="0" coveredconditionals="0" statements="0" coveredstatements="0" elements="0" coveredelements="0"/>
        </class>
        <metrics loc="14" ncloc="14" classes="0" methods="0" coveredmethods="0" conditionals="0" coveredconditionals="0" statements="0" coveredstatements="0" elements="0" coveredelements="0"/>
      </file>
      <file name="/src/Console/Commands/Make/MakeFactory.php">
        <class name="Zen\Modulr\Console\Commands\Make\MakeFactory" namespace="Zen\Modulr\Console\Commands\Make">
          <metrics complexity="9" methods="2" coveredmethods="0" conditionals="0" coveredconditionals="0" statements="25" coveredstatements="23" elements="27" coveredelements="23"/>
        </class>
        <line num="24" type="method" name="replaceNamespace" visibility="protected" complexity="5" crap="5.01" count="3"/>
        <line num="27" type="stmt" count="3"/>
        <line num="29" type="stmt" count="2"/>
        <line num="30" type="stmt" count="2"/>
        <line num="31" type="stmt" count="1"/>
        <line num="32" type="stmt" count="1"/>
        <line num="34" type="stmt" count="2"/>
        <line num="36" type="stmt" count="2"/>
        <line num="37" type="stmt" count="2"/>
        <line num="38" type="stmt" count="2"/>
        <line num="40" type="stmt" count="0"/>
        <line num="43" type="stmt" count="2"/>
        <line num="44" type="stmt" count="2"/>
        <line num="45" type="stmt" count="2"/>
        <line num="46" type="stmt" count="2"/>
        <line num="47" type="stmt" count="2"/>
        <line num="49" type="stmt" count="2"/>
        <line num="52" type="stmt" count="3"/>
        <line num="60" type="method" name="guessModelName" visibility="protected" complexity="4" crap="4.03" count="2"/>
        <line num="63" type="stmt" count="2"/>
        <line num="64" type="stmt" count="1"/>
        <line num="65" type="stmt" count="1"/>
        <line num="68" type="stmt" count="1"/>
        <line num="69" type="stmt" count="1"/>
        <line num="70" type="stmt" count="0"/>
        <line num="73" type="stmt" count="1"/>
        <line num="76" type="stmt" count="1"/>
        <metrics loc="79" ncloc="67" classes="1" methods="2" coveredmethods="0" conditionals="0" coveredconditionals="0" statements="25" coveredstatements="23" elements="27" coveredelements="23"/>
      </file>
      <file name="/src/Console/Commands/Make/MakeJob.php">
        <class name="Zen\Modulr\Console\Commands\Make\MakeJob" namespace="Zen\Modulr\Console\Commands\Make">
          <metrics complexity="0" methods="0" coveredmethods="0" conditionals="0" coveredconditionals="0" statements="0" coveredstatements="0" elements="0" coveredelements="0"/>
        </class>
        <metrics loc="14" ncloc="14" classes="0" methods="0" coveredmethods="0" conditionals="0" coveredconditionals="0" statements="0" coveredstatements="0" elements="0" coveredelements="0"/>
      </file>
      <file name="/src/Console/Commands/Make/MakeListener.php">
        <class name="Zen\Modulr\Console\Commands\Make\MakeListener" namespace="Zen\Modulr\Console\Commands\Make">
          <metrics complexity="4" methods="1" coveredmethods="0" conditionals="0" coveredconditionals="0" statements="13" coveredstatements="3" elements="14" coveredelements="3"/>
        </class>
        <line num="23" type="method" name="buildClass" visibility="protected" complexity="4" crap="11.28" count="3"/>
        <line num="27" type="stmt" count="3"/>
        <line num="29" type="stmt" count="3"/>
        <line num="30" type="stmt" count="0"/>
        <line num="31" type="stmt" count="0"/>
        <line num="32" type="stmt" count="0"/>
        <line num="33" type="stmt" count="0"/>
        <line num="34" type="stmt" count="0"/>
        <line num="36" type="stmt" count="0"/>
        <line num="37" type="stmt" count="0"/>
        <line num="38" type="stmt" count="0"/>
        <line num="39" type="stmt" count="0"/>
        <line num="40" type="stmt" count="0"/>
        <line num="43" type="stmt" count="3"/>
        <metrics loc="46" ncloc="40" classes="1" methods="1" coveredmethods="0" conditionals="0" coveredconditionals="0" statements="13" coveredstatements="3" elements="14" coveredelements="3"/>
      </file>
      <file name="/src/Console/Commands/Make/MakeMail.php">
        <class name="Zen\Modulr\Console\Commands\Make\MakeMail" namespace="Zen\Modulr\Console\Commands\Make">
          <metrics complexity="0" methods="0" coveredmethods="0" conditionals="0" coveredconditionals="0" statements="0" coveredstatements="0" elements="0" coveredelements="0"/>
        </class>
        <metrics loc="14" ncloc="14" classes="0" methods="0" coveredmethods="0" conditionals="0" coveredconditionals="0" statements="0" coveredstatements="0" elements="0" coveredelements="0"/>
      </file>
      <file name="/src/Console/Commands/Make/MakeMiddleware.php">
        <class name="Zen\Modulr\Console\Commands\Make\MakeMiddleware" namespace="Zen\Modulr\Console\Commands\Make">
          <metrics complexity="0" methods="0" coveredmethods="0" conditionals="0" coveredconditionals="0" statements="0" coveredstatements="0" elements="0" coveredelements="0"/>
        </class>
        <metrics loc="14" ncloc="14" classes="0" methods="0" coveredmethods="0" conditionals="0" coveredconditionals="0" statements="0" coveredstatements="0" elements="0" coveredelements="0"/>
      </file>
      <file name="/src/Console/Commands/Make/MakeMigration.php">
        <class name="Zen\Modulr\Console\Commands\Make\MakeMigration" namespace="Zen\Modulr\Console\Commands\Make">
          <metrics complexity="3" methods="1" coveredmethods="0" conditionals="0" coveredconditionals="0" statements="9" coveredstatements="8" elements="10" coveredelements="8"/>
        </class>
        <line num="23" type="method" name="getMigrationPath" visibility="protected" complexity="3" crap="3.01" count="2"/>
        <line num="26" type="stmt" count="2"/>
        <line num="28" type="stmt" count="2"/>
        <line num="29" type="stmt" count="1"/>
        <line num="30" type="stmt" count="1"/>
        <line num="32" type="stmt" count="1"/>
        <line num="34" type="stmt" count="1"/>
        <line num="35" type="stmt" count="1"/>
        <line num="36" type="stmt" count="0"/>
        <line num="40" type="stmt" count="2"/>
        <metrics loc="43" ncloc="38" classes="1" methods="1" coveredmethods="0" conditionals="0" coveredconditionals="0" statements="9" coveredstatements="8" elements="10" coveredelements="8"/>
      </file>
      <file name="/src/Console/Commands/Make/MakeModel.php">
        <class name="Zen\Modulr\Console\Commands\Make\MakeModel" namespace="Zen\Modulr\Console\Commands\Make">
          <metrics complexity="6" methods="2" coveredmethods="2" conditionals="0" coveredconditionals="0" statements="19" coveredstatements="19" elements="21" coveredelements="21"/>
        </class>
        <line num="23" type="method" name="getDefaultNamespace" visibility="protected" complexity="2" crap="2" count="4"/>
        <line num="26" type="stmt" count="4"/>
        <line num="27" type="stmt" count="3"/>
        <line num="30" type="stmt" count="4"/>
        <line num="40" type="method" name="buildFactoryReplacements" visibility="protected" complexity="4" crap="4" count="4"/>
        <line num="43" type="stmt" count="4"/>
        <line num="45" type="stmt" count="4"/>
        <line num="47" type="stmt" count="1"/>
        <line num="48" type="stmt" count="1"/>
        <line num="51" type="stmt" count="1"/>
        <line num="52" type="stmt" count="1"/>
        <line num="54" type="stmt" count="1"/>
        <line num="57" type="stmt" count="1"/>
        <line num="58" type="stmt" count="1"/>
        <line num="60" type="stmt" count="1"/>
        <line num="62" type="stmt" count="1"/>
        <line num="63" type="stmt" count="1"/>
        <line num="65" type="stmt" count="3"/>
        <line num="66" type="stmt" count="3"/>
        <line num="67" type="stmt" count="3"/>
        <line num="70" type="stmt" count="4"/>
        <metrics loc="73" ncloc="59" classes="1" methods="2" coveredmethods="2" conditionals="0" coveredconditionals="0" statements="19" coveredstatements="19" elements="21" coveredelements="21"/>
      </file>
      <file name="/src/Console/Commands/Make/MakeModule.php">
        <class name="Zen\Modulr\Console\Commands\Make\MakeModule" namespace="Zen\Modulr\Console\Commands\Make">
          <metrics complexity="34" methods="13" coveredmethods="8" conditionals="0" coveredconditionals="0" statements="172" coveredstatements="146" elements="185" coveredelements="154"/>
        </class>
        <line num="66" type="method" name="__construct" visibility="public" complexity="1" crap="1" count="105"/>
        <line num="68" type="stmt" count="105"/>
        <line num="74" type="method" name="handle" visibility="public" complexity="3" crap="3.06" count="46"/>
        <line num="77" type="stmt" count="46"/>
        <line num="78" type="stmt" count="46"/>
        <line num="79" type="stmt" count="46"/>
        <line num="82" type="stmt" count="46"/>
        <line num="83" type="stmt" count="46"/>
        <line num="86" type="stmt" count="46"/>
        <line num="87" type="stmt" count="46"/>
        <line num="88" type="stmt" count="46"/>
        <line num="89" type="stmt" count="46"/>
        <line num="91" type="stmt" count="46"/>
        <line num="93" type="stmt" count="46"/>
        <line num="95" type="stmt" count="46"/>
        <line num="97" type="stmt" count="46"/>
        <line num="98" type="stmt" count="0"/>
        <line num="101" type="stmt" count="46"/>
        <line num="102" type="stmt" count="0"/>
        <line num="103" type="stmt" count="0"/>
        <line num="105" type="stmt" count="0"/>
        <line num="107" type="stmt" count="0"/>
        <line num="109" type="stmt" count="46"/>
        <line num="111" type="stmt" count="46"/>
        <line num="113" type="stmt" count="46"/>
        <line num="115" type="stmt" count="46"/>
        <line num="116" type="stmt" count="46"/>
        <line num="117" type="stmt" count="46"/>
        <line num="119" type="stmt" count="46"/>
        <line num="121" type="stmt" count="46"/>
        <line num="124" type="method" name="shouldAbortToPublishConfig" visibility="protected" complexity="5" crap="16.18" count="46"/>
        <line num="127" type="stmt" count="46"/>
        <line num="128" type="stmt" count="46"/>
        <line num="129" type="stmt" count="46"/>
        <line num="131" type="stmt" count="46"/>
        <line num="134" type="stmt" count="0"/>
        <line num="136" type="stmt" count="0"/>
        <line num="137" type="stmt" count="0"/>
        <line num="138" type="stmt" count="0"/>
        <line num="139" type="stmt" count="0"/>
        <line num="140" type="stmt" count="0"/>
        <line num="141" type="stmt" count="0"/>
        <line num="142" type="stmt" count="0"/>
        <line num="144" type="stmt" count="0"/>
        <line num="145" type="stmt" count="0"/>
        <line num="146" type="stmt" count="0"/>
        <line num="147" type="stmt" count="0"/>
        <line num="150" type="stmt" count="0"/>
        <line num="153" type="method" name="ensureModulesDirectoryExists" visibility="protected" complexity="2" crap="2" count="46"/>
        <line num="155" type="stmt" count="46"/>
        <line num="156" type="stmt" count="46"/>
        <line num="157" type="stmt" count="46"/>
        <line num="161" type="method" name="writeStubs" visibility="protected" complexity="4" crap="4.01" count="46"/>
        <line num="163" type="stmt" count="46"/>
        <line num="166" type="stmt" count="46"/>
        <line num="168" type="stmt" count="46"/>
        <line num="169" type="stmt" count="46"/>
        <line num="170" type="stmt" count="46"/>
        <line num="171" type="stmt" count="46"/>
        <line num="172" type="stmt" count="46"/>
        <line num="173" type="stmt" count="46"/>
        <line num="174" type="stmt" count="46"/>
        <line num="175" type="stmt" count="46"/>
        <line num="176" type="stmt" count="46"/>
        <line num="177" type="stmt" count="46"/>
        <line num="178" type="stmt" count="46"/>
        <line num="179" type="stmt" count="46"/>
        <line num="180" type="stmt" count="46"/>
        <line num="183" type="stmt" count="46"/>
        <line num="185" type="stmt" count="46"/>
        <line num="187" type="stmt" count="46"/>
        <line num="188" type="stmt" count="46"/>
        <line num="189" type="stmt" count="46"/>
        <line num="190" type="stmt" count="0"/>
        <line num="192" type="stmt" count="46"/>
        <line num="193" type="stmt" count="46"/>
        <line num="195" type="stmt" count="46"/>
        <line num="197" type="stmt" count="46"/>
        <line num="198" type="stmt" count="0"/>
        <line num="200" type="stmt" count="0"/>
        <line num="203" type="stmt" count="46"/>
        <line num="204" type="stmt" count="46"/>
        <line num="206" type="stmt" count="46"/>
        <line num="209" type="stmt" count="46"/>
        <line num="212" type="method" name="seedersDirectory" visibility="protected" complexity="2" crap="2" count="46"/>
        <line num="214" type="stmt" count="46"/>
        <line num="215" type="stmt" count="46"/>
        <line num="216" type="stmt" count="46"/>
        <line num="223" type="method" name="updateCoreComposerConfig" visibility="protected" complexity="8" crap="8.02" count="46"/>
        <line num="225" type="stmt" count="46"/>
        <line num="230" type="stmt" count="46"/>
        <line num="231" type="stmt" count="46"/>
        <line num="232" type="stmt" count="0"/>
        <line num="234" type="stmt" count="46"/>
        <line num="236" type="stmt" count="46"/>
        <line num="238" type="stmt" count="46"/>
        <line num="240" type="stmt" count="46"/>
        <line num="241" type="stmt" count="1"/>
        <line num="244" type="stmt" count="46"/>
        <line num="245" type="stmt" count="0"/>
        <line num="249" type="stmt" count="46"/>
        <line num="250" type="stmt" count="46"/>
        <line num="251" type="stmt" count="46"/>
        <line num="252" type="stmt" count="46"/>
        <line num="253" type="stmt" count="46"/>
        <line num="254" type="stmt" count="46"/>
        <line num="255" type="stmt" count="46"/>
        <line num="256" type="stmt" count="46"/>
        <line num="258" type="stmt" count="46"/>
        <line num="261" type="stmt" count="46"/>
        <line num="262" type="stmt" count="46"/>
        <line num="263" type="stmt" count="46"/>
        <line num="265" type="stmt" count="46"/>
        <line num="266" type="stmt" count="1"/>
        <line num="267" type="stmt" count="1"/>
        <line num="269" type="stmt" count="1"/>
        <line num="270" type="stmt" count="0"/>
        <line num="272" type="stmt" count="1"/>
        <line num="274" type="stmt" count="1"/>
        <line num="278" type="stmt" count="46"/>
        <line num="279" type="stmt" count="46"/>
        <line num="280" type="stmt" count="1"/>
        <line num="281" type="stmt" count="1"/>
        <line num="283" type="stmt" count="1"/>
        <line num="284" type="stmt" count="1"/>
        <line num="287" type="stmt" count="46"/>
        <line num="288" type="stmt" count="1"/>
        <line num="289" type="stmt" count="1"/>
        <line num="291" type="stmt" count="45"/>
        <line num="294" type="stmt" count="46"/>
        <line num="296" type="stmt" count="46"/>
        <line num="303" type="method" name="sortComposerPackages" visibility="protected" complexity="1" crap="1" count="1"/>
        <line num="305" type="stmt" count="1"/>
        <line num="306" type="stmt" count="1"/>
        <line num="307" type="stmt" count="1"/>
        <line num="308" type="stmt" count="1"/>
        <line num="309" type="stmt" count="1"/>
        <line num="310" type="stmt" count="1"/>
        <line num="311" type="stmt" count="1"/>
        <line num="312" type="stmt" count="1"/>
        <line num="313" type="stmt" count="1"/>
        <line num="314" type="stmt" count="1"/>
        <line num="315" type="stmt" count="1"/>
        <line num="316" type="stmt" count="1"/>
        <line num="317" type="stmt" count="1"/>
        <line num="318" type="stmt" count="1"/>
        <line num="319" type="stmt" count="1"/>
        <line num="320" type="stmt" count="1"/>
        <line num="321" type="stmt" count="1"/>
        <line num="322" type="stmt" count="1"/>
        <line num="323" type="stmt" count="1"/>
        <line num="325" type="stmt" count="1"/>
        <line num="327" type="stmt" count="1"/>
        <line num="330" type="method" name="setUpStyles" visibility="protected" complexity="2" crap="2" count="46"/>
        <line num="332" type="stmt" count="46"/>
        <line num="334" type="stmt" count="46"/>
        <line num="335" type="stmt" count="46"/>
        <line num="339" type="method" name="title" visibility="protected" complexity="1" crap="1" count="46"/>
        <line num="341" type="stmt" count="46"/>
        <line num="347" type="method" name="newLine" visibility="public" complexity="1" crap="1" count="46"/>
        <line num="349" type="stmt" count="46"/>
        <line num="351" type="stmt" count="46"/>
        <line num="357" type="method" name="getStubs" visibility="protected" complexity="3" crap="3.01" count="46"/>
        <line num="359" type="stmt" count="46"/>
        <line num="360" type="stmt" count="46"/>
        <line num="362" type="stmt" count="0"/>
        <line num="365" type="stmt" count="46"/>
        <line num="366" type="stmt" count="0"/>
        <line num="367" type="stmt" count="46"/>
        <line num="369" type="stmt" count="46"/>
        <line num="370" type="stmt" count="46"/>
        <line num="371" type="stmt" count="46"/>
        <line num="372" type="stmt" count="46"/>
        <line num="373" type="stmt" count="46"/>
        <line num="374" type="stmt" count="46"/>
        <line num="375" type="stmt" count="46"/>
        <line num="376" type="stmt" count="46"/>
        <line num="377" type="stmt" count="46"/>
        <line num="378" type="stmt" count="46"/>
        <line num="379" type="stmt" count="46"/>
        <line num="380" type="stmt" count="46"/>
        <line num="381" type="stmt" count="46"/>
        <line num="382" type="stmt" count="46"/>
        <line num="385" type="method" name="pathToStub" visibility="protected" complexity="1" crap="1" count="46"/>
        <line num="387" type="stmt" count="46"/>
        <metrics loc="390" ncloc="334" classes="1" methods="13" coveredmethods="8" conditionals="0" coveredconditionals="0" statements="172" coveredstatements="146" elements="185" coveredelements="154"/>
      </file>
      <file name="/src/Console/Commands/Make/MakeNotification.php">
        <class name="Zen\Modulr\Console\Commands\Make\MakeNotification" namespace="Zen\Modulr\Console\Commands\Make">
          <metrics complexity="0" methods="0" coveredmethods="0" conditionals="0" coveredconditionals="0" statements="0" coveredstatements="0" elements="0" coveredelements="0"/>
        </class>
        <metrics loc="14" ncloc="14" classes="0" methods="0" coveredmethods="0" conditionals="0" coveredconditionals="0" statements="0" coveredstatements="0" elements="0" coveredelements="0"/>
      </file>
      <file name="/src/Console/Commands/Make/MakeObserver.php">
        <class name="Zen\Modulr\Console\Commands\Make\MakeObserver" namespace="Zen\Modulr\Console\Commands\Make">
          <metrics complexity="0" methods="0" coveredmethods="0" conditionals="0" coveredconditionals="0" statements="0" coveredstatements="0" elements="0" coveredelements="0"/>
        </class>
        <metrics loc="14" ncloc="14" classes="0" methods="0" coveredmethods="0" conditionals="0" coveredconditionals="0" statements="0" coveredstatements="0" elements="0" coveredelements="0"/>
      </file>
      <file name="/src/Console/Commands/Make/MakePolicy.php">
        <class name="Zen\Modulr\Console\Commands\Make\MakePolicy" namespace="Zen\Modulr\Console\Commands\Make">
          <metrics complexity="0" methods="0" coveredmethods="0" conditionals="0" coveredconditionals="0" statements="0" coveredstatements="0" elements="0" coveredelements="0"/>
        </class>
        <metrics loc="14" ncloc="14" classes="0" methods="0" coveredmethods="0" conditionals="0" coveredconditionals="0" statements="0" coveredstatements="0" elements="0" coveredelements="0"/>
      </file>
      <file name="/src/Console/Commands/Make/MakeProvider.php">
        <class name="Zen\Modulr\Console\Commands\Make\MakeProvider" namespace="Zen\Modulr\Console\Commands\Make">
          <metrics complexity="0" methods="0" coveredmethods="0" conditionals="0" coveredconditionals="0" statements="0" coveredstatements="0" elements="0" coveredelements="0"/>
        </class>
        <metrics loc="14" ncloc="14" classes="0" methods="0" coveredmethods="0" conditionals="0" coveredconditionals="0" statements="0" coveredstatements="0" elements="0" coveredelements="0"/>
      </file>
      <file name="/src/Console/Commands/Make/MakeRequest.php">
        <class name="Zen\Modulr\Console\Commands\Make\MakeRequest" namespace="Zen\Modulr\Console\Commands\Make">
          <metrics complexity="0" methods="0" coveredmethods="0" conditionals="0" coveredconditionals="0" statements="0" coveredstatements="0" elements="0" coveredelements="0"/>
        </class>
        <metrics loc="14" ncloc="14" classes="0" methods="0" coveredmethods="0" conditionals="0" coveredconditionals="0" statements="0" coveredstatements="0" elements="0" coveredelements="0"/>
      </file>
      <file name="/src/Console/Commands/Make/MakeResource.php">
        <class name="Zen\Modulr\Console\Commands\Make\MakeResource" namespace="Zen\Modulr\Console\Commands\Make">
          <metrics complexity="0" methods="0" coveredmethods="0" conditionals="0" coveredconditionals="0" statements="0" coveredstatements="0" elements="0" coveredelements="0"/>
        </class>
        <metrics loc="14" ncloc="14" classes="0" methods="0" coveredmethods="0" conditionals="0" coveredconditionals="0" statements="0" coveredstatements="0" elements="0" coveredelements="0"/>
      </file>
      <file name="/src/Console/Commands/Make/MakeRule.php">
        <class name="Zen\Modulr\Console\Commands\Make\MakeRule" namespace="Zen\Modulr\Console\Commands\Make">
          <metrics complexity="0" methods="0" coveredmethods="0" conditionals="0" coveredconditionals="0" statements="0" coveredstatements="0" elements="0" coveredelements="0"/>
        </class>
        <metrics loc="14" ncloc="14" classes="0" methods="0" coveredmethods="0" conditionals="0" coveredconditionals="0" statements="0" coveredstatements="0" elements="0" coveredelements="0"/>
      </file>
      <file name="/src/Console/Commands/Make/MakeSeeder.php">
        <class name="Zen\Modulr\Console\Commands\Make\MakeSeeder" namespace="Zen\Modulr\Console\Commands\Make">
          <metrics complexity="8" methods="3" coveredmethods="2" conditionals="0" coveredconditionals="0" statements="11" coveredstatements="9" elements="14" coveredelements="11"/>
        </class>
        <line num="25" type="method" name="getPath" visibility="protected" complexity="2" crap="2" count="2"/>
        <line num="28" type="stmt" count="2"/>
        <line num="29" type="stmt" count="1"/>
        <line num="31" type="stmt" count="1"/>
        <line num="34" type="stmt" count="1"/>
        <line num="43" type="method" name="replaceNamespace" visibility="protected" complexity="3" crap="4.12" count="2"/>
        <line num="46" type="stmt" count="2"/>
        <line num="47" type="stmt" count="0"/>
        <line num="48" type="stmt" count="0"/>
        <line num="51" type="stmt" count="2"/>
        <line num="57" type="method" name="rootNamespace" visibility="protected" complexity="3" crap="3" count="2"/>
        <line num="60" type="stmt" count="2"/>
        <line num="61" type="stmt" count="1"/>
        <line num="64" type="stmt" count="1"/>
        <metrics loc="67" ncloc="53" classes="1" methods="3" coveredmethods="2" conditionals="0" coveredconditionals="0" statements="11" coveredstatements="9" elements="14" coveredelements="11"/>
      </file>
      <file name="/src/Console/Commands/Make/MakeTest.php">
        <class name="Zen\Modulr\Console\Commands\Make\MakeTest" namespace="Zen\Modulr\Console\Commands\Make">
          <metrics complexity="4" methods="2" coveredmethods="2" conditionals="0" coveredconditionals="0" statements="8" coveredstatements="8" elements="10" coveredelements="10"/>
        </class>
        <line num="25" type="method" name="getPath" visibility="protected" complexity="2" crap="2" count="2"/>
        <line num="28" type="stmt" count="2"/>
        <line num="30" type="stmt" count="1"/>
        <line num="31" type="stmt" count="1"/>
        <line num="33" type="stmt" count="1"/>
        <line num="36" type="stmt" count="1"/>
        <line num="42" type="method" name="rootNamespace" visibility="protected" complexity="2" crap="2" count="2"/>
        <line num="45" type="stmt" count="2"/>
        <line num="46" type="stmt" count="1"/>
        <line num="49" type="stmt" count="1"/>
        <metrics loc="52" ncloc="43" classes="1" methods="2" coveredmethods="2" conditionals="0" coveredconditionals="0" statements="8" coveredstatements="8" elements="10" coveredelements="10"/>
      </file>
    </package>
    <package name="Zen\Modulr\Exceptions">
      <file name="/src/Exceptions/CannotFindModuleForPathException.php">
        <class name="Zen\Modulr\Exceptions\CannotFindModuleForPathException" namespace="Zen\Modulr\Exceptions">
          <metrics complexity="1" methods="1" coveredmethods="1" conditionals="0" coveredconditionals="0" statements="1" coveredstatements="1" elements="2" coveredelements="2"/>
        </class>
        <line num="11" type="method" name="__construct" visibility="public" complexity="1" crap="1" count="1"/>
        <line num="13" type="stmt" count="1"/>
        <metrics loc="16" ncloc="16" classes="1" methods="1" coveredmethods="1" conditionals="0" coveredconditionals="0" statements="1" coveredstatements="1" elements="2" coveredelements="2"/>
      </file>
      <file name="/src/Exceptions/Exception.php">
        <class name="Zen\Modulr\Exceptions\Exception" namespace="Zen\Modulr\Exceptions">
          <metrics complexity="0" methods="0" coveredmethods="0" conditionals="0" coveredconditionals="0" statements="0" coveredstatements="0" elements="0" coveredelements="0"/>
        </class>
        <metrics loc="8" ncloc="8" classes="0" methods="0" coveredmethods="0" conditionals="0" coveredconditionals="0" statements="0" coveredstatements="0" elements="0" coveredelements="0"/>
      </file>
    </package>
    <package name="Zen\Modulr">
      <file name="/src/ModulrServiceProvider.php">
        <class name="Zen\Modulr\ModulrServiceProvider" namespace="Zen\Modulr">
          <metrics complexity="26" methods="17" coveredmethods="8" conditionals="0" coveredconditionals="0" statements="122" coveredstatements="72" elements="139" coveredelements="80"/>
        </class>
        <line num="53" type="method" name="register" visibility="public" complexity="2" crap="2.00" count="218"/>
        <line num="56" type="stmt" count="218"/>
        <line num="58" type="stmt" count="218"/>
        <line num="59" type="stmt" count="218"/>
        <line num="61" type="stmt" count="0"/>
        <line num="63" type="stmt" count="0"/>
        <line num="64" type="stmt" count="218"/>
        <line num="66" type="stmt" count="218"/>
        <line num="67" type="stmt" count="218"/>
        <line num="69" type="stmt" count="218"/>
        <line num="70" type="stmt" count="218"/>
        <line num="71" type="stmt" count="218"/>
        <line num="72" type="stmt" count="218"/>
        <line num="74" type="stmt" count="218"/>
        <line num="76" type="stmt" count="218"/>
        <line num="78" type="stmt" count="2"/>
        <line num="80" type="stmt" count="2"/>
        <line num="82" type="stmt" count="2"/>
        <line num="83" type="stmt" count="218"/>
        <line num="85" type="stmt" count="218"/>
        <line num="90" type="stmt" count="218"/>
        <line num="91" type="stmt" count="218"/>
        <line num="94" type="stmt" count="218"/>
        <line num="101" type="method" name="boot" visibility="public" complexity="1" crap="1" count="218"/>
        <line num="103" type="stmt" count="218"/>
        <line num="104" type="stmt" count="218"/>
        <line num="106" type="stmt" count="218"/>
        <line num="107" type="stmt" count="218"/>
        <line num="108" type="stmt" count="218"/>
        <line num="109" type="stmt" count="218"/>
        <line num="115" type="method" name="registry" visibility="protected" complexity="1" crap="1" count="218"/>
        <line num="117" type="stmt" count="218"/>
        <line num="123" type="method" name="autoDiscoveryHelper" visibility="protected" complexity="1" crap="1" count="218"/>
        <line num="125" type="stmt" count="218"/>
        <line num="128" type="method" name="publishVendorFiles" visibility="protected" complexity="1" crap="1" count="218"/>
        <line num="130" type="stmt" count="218"/>
        <line num="131" type="stmt" count="218"/>
        <line num="132" type="stmt" count="218"/>
        <line num="135" type="method" name="bootPackageCommands" visibility="protected" complexity="2" crap="2.00" count="218"/>
        <line num="137" type="stmt" count="218"/>
        <line num="138" type="stmt" count="0"/>
        <line num="141" type="stmt" count="218"/>
        <line num="142" type="stmt" count="218"/>
        <line num="143" type="stmt" count="218"/>
        <line num="144" type="stmt" count="218"/>
        <line num="145" type="stmt" count="218"/>
        <line num="146" type="stmt" count="218"/>
        <line num="147" type="stmt" count="218"/>
        <line num="148" type="stmt" count="218"/>
        <line num="154" type="method" name="bootRoutes" visibility="protected" complexity="2" crap="2.09" count="218"/>
        <line num="156" type="stmt" count="218"/>
        <line num="157" type="stmt" count="0"/>
        <line num="160" type="stmt" count="218"/>
        <line num="161" type="stmt" count="218"/>
        <line num="162" type="stmt" count="218"/>
        <line num="163" type="stmt" count="0"/>
        <line num="164" type="stmt" count="218"/>
        <line num="171" type="method" name="bootViews" visibility="protected" complexity="1" crap="1.42" count="218"/>
        <line num="173" type="stmt" count="218"/>
        <line num="174" type="stmt" count="0"/>
        <line num="175" type="stmt" count="0"/>
        <line num="176" type="stmt" count="0"/>
        <line num="177" type="stmt" count="0"/>
        <line num="178" type="stmt" count="0"/>
        <line num="179" type="stmt" count="0"/>
        <line num="180" type="stmt" count="218"/>
        <line num="187" type="method" name="bootBladeComponents" visibility="protected" complexity="1" crap="1.65" count="218"/>
        <line num="189" type="stmt" count="218"/>
        <line num="191" type="stmt" count="0"/>
        <line num="192" type="stmt" count="0"/>
        <line num="193" type="stmt" count="0"/>
        <line num="194" type="stmt" count="0"/>
        <line num="195" type="stmt" count="0"/>
        <line num="196" type="stmt" count="0"/>
        <line num="197" type="stmt" count="0"/>
        <line num="200" type="stmt" count="0"/>
        <line num="201" type="stmt" count="0"/>
        <line num="202" type="stmt" count="0"/>
        <line num="203" type="stmt" count="0"/>
        <line num="204" type="stmt" count="0"/>
        <line num="205" type="stmt" count="0"/>
        <line num="206" type="stmt" count="218"/>
        <line num="213" type="method" name="bootTranslations" visibility="protected" complexity="1" crap="1" count="218"/>
        <line num="215" type="stmt" count="218"/>
        <line num="217" type="stmt" count="1"/>
        <line num="218" type="stmt" count="1"/>
        <line num="219" type="stmt" count="1"/>
        <line num="220" type="stmt" count="1"/>
        <line num="221" type="stmt" count="1"/>
        <line num="223" type="stmt" count="1"/>
        <line num="224" type="stmt" count="1"/>
        <line num="225" type="stmt" count="1"/>
        <line num="226" type="stmt" count="218"/>
        <line num="232" type="method" name="registerMigrations" visibility="protected" complexity="1" crap="2" count="0"/>
        <line num="234" type="stmt" count="0"/>
        <line num="235" type="stmt" count="0"/>
        <line num="236" type="stmt" count="0"/>
        <line num="237" type="stmt" count="0"/>
        <line num="238" type="stmt" count="0"/>
        <line num="244" type="method" name="registerEloquentFactories" visibility="protected" complexity="1" crap="1" count="218"/>
        <line num="246" type="stmt" count="218"/>
        <line num="248" type="stmt" count="218"/>
        <line num="249" type="stmt" count="218"/>
        <line num="256" type="method" name="registerPolicies" visibility="protected" complexity="4" crap="20" count="0"/>
        <line num="258" type="stmt" count="0"/>
        <line num="259" type="stmt" count="0"/>
        <line num="260" type="stmt" count="0"/>
        <line num="261" type="stmt" count="0"/>
        <line num="262" type="stmt" count="0"/>
        <line num="266" type="stmt" count="0"/>
        <line num="267" type="stmt" count="0"/>
        <line num="268" type="stmt" count="0"/>
        <line num="269" type="stmt" count="0"/>
        <line num="274" type="stmt" count="0"/>
        <line num="275" type="stmt" count="0"/>
        <line num="276" type="stmt" count="0"/>
        <line num="278" type="stmt" count="0"/>
        <line num="279" type="stmt" count="0"/>
        <line num="282" type="stmt" count="0"/>
        <line num="289" type="method" name="registerCommands" visibility="protected" complexity="2" crap="2.50" count="104"/>
        <line num="291" type="stmt" count="104"/>
        <line num="292" type="stmt" count="104"/>
        <line num="293" type="stmt" count="104"/>
        <line num="294" type="stmt" count="0"/>
        <line num="295" type="stmt" count="0"/>
        <line num="296" type="stmt" count="0"/>
        <line num="297" type="stmt" count="0"/>
        <line num="299" type="stmt" count="104"/>
        <line num="305" type="method" name="registerLazily" visibility="protected" complexity="1" crap="1" count="218"/>
        <line num="307" type="stmt" count="218"/>
        <line num="309" type="stmt" count="218"/>
        <line num="315" type="method" name="getModulesBasePath" visibility="protected" complexity="2" crap="2" count="218"/>
        <line num="317" type="stmt" count="218"/>
        <line num="319" type="stmt" count="218"/>
        <line num="320" type="stmt" count="218"/>
        <line num="323" type="stmt" count="218"/>
        <line num="326" type="method" name="isInstantiableCommand" visibility="protected" complexity="2" crap="6" count="0"/>
        <line num="328" type="stmt" count="0"/>
        <line num="329" type="stmt" count="0"/>
        <metrics loc="332" ncloc="270" classes="1" methods="17" coveredmethods="8" conditionals="0" coveredconditionals="0" statements="122" coveredstatements="72" elements="139" coveredelements="80"/>
      </file>
    </package>
    <package name="Zen\Modulr\Providers">
      <file name="/src/Providers/CommandsServiceProvider.php">
        <class name="Zen\Modulr\Providers\CommandsServiceProvider" namespace="Zen\Modulr\Providers">
          <metrics complexity="5" methods="3" coveredmethods="2" conditionals="0" coveredconditionals="0" statements="21" coveredstatements="18" elements="24" coveredelements="20"/>
        </class>
        <line num="70" type="method" name="register" visibility="public" complexity="1" crap="1" count="218"/>
        <line num="76" type="stmt" count="218"/>
        <line num="77" type="stmt" count="218"/>
        <line num="78" type="stmt" count="104"/>
        <line num="79" type="stmt" count="104"/>
        <line num="80" type="stmt" count="218"/>
        <line num="81" type="stmt" count="218"/>
        <line num="84" type="method" name="registerMakeCommandOverrides" visibility="protected" complexity="3" crap="3" count="104"/>
        <line num="86" type="stmt" count="104"/>
        <line num="87" type="stmt" count="104"/>
        <line num="88" type="stmt" count="104"/>
        <line num="89" type="stmt" count="104"/>
        <line num="90" type="stmt" count="104"/>
        <line num="95" type="method" name="registerMigrationCommandOverrides" visibility="protected" complexity="1" crap="1.03" count="104"/>
        <line num="98" type="stmt" count="104"/>
        <line num="100" type="stmt" count="0"/>
        <line num="102" type="stmt" count="0"/>
        <line num="104" type="stmt" count="0"/>
        <line num="105" type="stmt" count="104"/>
        <line num="108" type="stmt" count="104"/>
        <line num="110" type="stmt" count="3"/>
        <line num="112" type="stmt" count="3"/>
        <line num="114" type="stmt" count="3"/>
        <line num="115" type="stmt" count="104"/>
        <metrics loc="118" ncloc="106" classes="1" methods="3" coveredmethods="2" conditionals="0" coveredconditionals="0" statements="21" coveredstatements="18" elements="24" coveredelements="20"/>
      </file>
      <file name="/src/Providers/EventServiceProvider.php">
        <class name="Zen\Modulr\Providers\EventServiceProvider" namespace="Zen\Modulr\Providers">
          <metrics complexity="3" methods="3" coveredmethods="3" conditionals="0" coveredconditionals="0" statements="16" coveredstatements="16" elements="19" coveredelements="19"/>
        </class>
        <line num="22" type="method" name="discoverEvents" visibility="public" complexity="1" crap="1" count="1"/>
        <line num="26" type="stmt" count="1"/>
        <line num="27" type="stmt" count="1"/>
        <line num="28" type="stmt" count="1"/>
        <line num="29" type="stmt" count="1"/>
        <line num="30" type="stmt" count="1"/>
        <line num="31" type="stmt" count="1"/>
        <line num="33" type="stmt" count="1"/>
        <line num="36" type="method" name="shouldDiscoverEvents" visibility="public" complexity="1" crap="1" count="218"/>
        <line num="41" type="stmt" count="218"/>
        <line num="43" type="stmt" count="218"/>
        <line num="44" type="stmt" count="218"/>
        <line num="45" type="stmt" count="218"/>
        <line num="53" type="method" name="discoverEventsWithin" visibility="protected" complexity="1" crap="1" count="2"/>
        <line num="56" type="stmt" count="2"/>
        <line num="57" type="stmt" count="2"/>
        <line num="58" type="stmt" count="2"/>
        <line num="59" type="stmt" count="2"/>
        <line num="60" type="stmt" count="2"/>
        <metrics loc="63" ncloc="50" classes="1" methods="3" coveredmethods="3" conditionals="0" coveredconditionals="0" statements="16" coveredstatements="16" elements="19" coveredelements="19"/>
      </file>
      <file name="/src/Providers/ModulrServiceProvider.php">
        <class name="Zen\Modulr\Providers\ModulrServiceProvider" namespace="Zen\Modulr\Providers">
          <metrics complexity="27" methods="18" coveredmethods="8" conditionals="0" coveredconditionals="0" statements="120" coveredstatements="55" elements="138" coveredelements="63"/>
        </class>
        <line num="48" type="method" name="__construct" visibility="public" complexity="1" crap="1" count="5"/>
        <line num="50" type="stmt" count="5"/>
        <line num="53" type="method" name="register" visibility="public" complexity="1" crap="1.01" count="3"/>
        <line num="56" type="stmt" count="3"/>
        <line num="58" type="stmt" count="3"/>
        <line num="59" type="stmt" count="3"/>
        <line num="61" type="stmt" count="3"/>
        <line num="62" type="stmt" count="3"/>
        <line num="63" type="stmt" count="3"/>
        <line num="64" type="stmt" count="3"/>
        <line num="66" type="stmt" count="3"/>
        <line num="68" type="stmt" count="3"/>
        <line num="70" type="stmt" count="0"/>
        <line num="72" type="stmt" count="0"/>
        <line num="74" type="stmt" count="0"/>
        <line num="75" type="stmt" count="3"/>
        <line num="77" type="stmt" count="3"/>
        <line num="82" type="stmt" count="3"/>
        <line num="83" type="stmt" count="3"/>
        <line num="86" type="stmt" count="3"/>
        <line num="89" type="method" name="boot" visibility="public" complexity="1" crap="1" count="1"/>
        <line num="91" type="stmt" count="1"/>
        <line num="92" type="stmt" count="1"/>
        <line num="94" type="stmt" count="1"/>
        <line num="95" type="stmt" count="1"/>
        <line num="96" type="stmt" count="1"/>
        <line num="97" type="stmt" count="1"/>
        <line num="100" type="method" name="registry" visibility="protected" complexity="1" crap="1" count="3"/>
        <line num="102" type="stmt" count="3"/>
        <line num="105" type="method" name="autoDiscoveryHelper" visibility="protected" complexity="1" crap="1" count="2"/>
        <line num="107" type="stmt" count="2"/>
        <line num="110" type="method" name="publishVendorFiles" visibility="protected" complexity="1" crap="1" count="2"/>
        <line num="112" type="stmt" count="2"/>
        <line num="113" type="stmt" count="2"/>
        <line num="114" type="stmt" count="2"/>
        <line num="117" type="method" name="bootPackageCommands" visibility="protected" complexity="2" crap="2.00" count="1"/>
        <line num="119" type="stmt" count="1"/>
        <line num="120" type="stmt" count="0"/>
        <line num="123" type="stmt" count="1"/>
        <line num="124" type="stmt" count="1"/>
        <line num="125" type="stmt" count="1"/>
        <line num="126" type="stmt" count="1"/>
        <line num="127" type="stmt" count="1"/>
        <line num="128" type="stmt" count="1"/>
        <line num="129" type="stmt" count="1"/>
        <line num="130" type="stmt" count="1"/>
        <line num="133" type="method" name="bootRoutes" visibility="protected" complexity="2" crap="2.09" count="1"/>
        <line num="135" type="stmt" count="1"/>
        <line num="136" type="stmt" count="0"/>
        <line num="139" type="stmt" count="1"/>
        <line num="140" type="stmt" count="1"/>
        <line num="141" type="stmt" count="1"/>
        <line num="142" type="stmt" count="0"/>
        <line num="143" type="stmt" count="1"/>
        <line num="146" type="method" name="bootViews" visibility="protected" complexity="1" crap="1.42" count="1"/>
        <line num="148" type="stmt" count="1"/>
        <line num="149" type="stmt" count="0"/>
        <line num="150" type="stmt" count="0"/>
        <line num="151" type="stmt" count="0"/>
        <line num="152" type="stmt" count="0"/>
        <line num="153" type="stmt" count="0"/>
        <line num="154" type="stmt" count="0"/>
        <line num="155" type="stmt" count="1"/>
        <line num="158" type="method" name="bootBladeComponents" visibility="protected" complexity="1" crap="1.65" count="1"/>
        <line num="160" type="stmt" count="1"/>
        <line num="162" type="stmt" count="0"/>
        <line num="163" type="stmt" count="0"/>
        <line num="164" type="stmt" count="0"/>
        <line num="165" type="stmt" count="0"/>
        <line num="166" type="stmt" count="0"/>
        <line num="167" type="stmt" count="0"/>
        <line num="168" type="stmt" count="0"/>
        <line num="171" type="stmt" count="0"/>
        <line num="172" type="stmt" count="0"/>
        <line num="173" type="stmt" count="0"/>
        <line num="174" type="stmt" count="0"/>
        <line num="175" type="stmt" count="0"/>
        <line num="176" type="stmt" count="0"/>
        <line num="177" type="stmt" count="1"/>
        <line num="180" type="method" name="bootTranslations" visibility="protected" complexity="2" crap="4.31" count="1"/>
        <line num="182" type="stmt" count="1"/>
        <line num="183" type="stmt" count="0"/>
        <line num="184" type="stmt" count="0"/>
        <line num="187" type="stmt" count="0"/>
        <line num="188" type="stmt" count="0"/>
        <line num="189" type="stmt" count="0"/>
        <line num="190" type="stmt" count="0"/>
        <line num="191" type="stmt" count="0"/>
        <line num="193" type="stmt" count="0"/>
        <line num="194" type="stmt" count="0"/>
        <line num="195" type="stmt" count="0"/>
        <line num="196" type="stmt" count="1"/>
        <line num="199" type="method" name="registerMigrations" visibility="protected" complexity="1" crap="2" count="0"/>
        <line num="201" type="stmt" count="0"/>
        <line num="202" type="stmt" count="0"/>
        <line num="203" type="stmt" count="0"/>
        <line num="204" type="stmt" count="0"/>
        <line num="205" type="stmt" count="0"/>
        <line num="208" type="method" name="registerEloquentFactories" visibility="protected" complexity="1" crap="1" count="3"/>
        <line num="210" type="stmt" count="3"/>
        <line num="212" type="stmt" count="3"/>
        <line num="213" type="stmt" count="3"/>
        <line num="216" type="method" name="registerPolicies" visibility="protected" complexity="4" crap="20" count="0"/>
        <line num="218" type="stmt" count="0"/>
        <line num="219" type="stmt" count="0"/>
        <line num="220" type="stmt" count="0"/>
        <line num="221" type="stmt" count="0"/>
        <line num="222" type="stmt" count="0"/>
        <line num="226" type="stmt" count="0"/>
        <line num="227" type="stmt" count="0"/>
        <line num="228" type="stmt" count="0"/>
        <line num="229" type="stmt" count="0"/>
        <line num="234" type="stmt" count="0"/>
        <line num="235" type="stmt" count="0"/>
        <line num="236" type="stmt" count="0"/>
        <line num="238" type="stmt" count="0"/>
        <line num="239" type="stmt" count="0"/>
        <line num="242" type="stmt" count="0"/>
        <line num="245" type="method" name="registerCommands" visibility="protected" complexity="2" crap="6" count="0"/>
        <line num="247" type="stmt" count="0"/>
        <line num="248" type="stmt" count="0"/>
        <line num="249" type="stmt" count="0"/>
        <line num="250" type="stmt" count="0"/>
        <line num="251" type="stmt" count="0"/>
        <line num="252" type="stmt" count="0"/>
        <line num="253" type="stmt" count="0"/>
        <line num="255" type="stmt" count="0"/>
        <line num="258" type="method" name="registerLazily" visibility="protected" complexity="1" crap="1" count="3"/>
        <line num="260" type="stmt" count="3"/>
        <line num="262" type="stmt" count="3"/>
        <line num="265" type="method" name="getModulesBasePath" visibility="protected" complexity="2" crap="2" count="3"/>
        <line num="267" type="stmt" count="3"/>
        <line num="269" type="stmt" count="3"/>
        <line num="270" type="stmt" count="3"/>
        <line num="273" type="stmt" count="3"/>
        <line num="276" type="method" name="isInstantiableCommand" visibility="protected" complexity="2" crap="6" count="0"/>
        <line num="278" type="stmt" count="0"/>
        <line num="279" type="stmt" count="0"/>
        <metrics loc="282" ncloc="269" classes="1" methods="18" coveredmethods="8" conditionals="0" coveredconditionals="0" statements="120" coveredstatements="55" elements="138" coveredelements="63"/>
      </file>
    </package>
    <package name="Zen\Modulr\Support">
      <file name="/src/Support/AutoDiscoveryHelper.php">
        <class name="Zen\Modulr\Support\AutoDiscoveryHelper" namespace="Zen\Modulr\Support">
          <metrics complexity="11" methods="11" coveredmethods="11" conditionals="0" coveredconditionals="0" statements="37" coveredstatements="37" elements="48" coveredelements="48"/>
        </class>
        <line num="13" type="method" name="__construct" visibility="public" complexity="1" crap="1" count="218"/>
        <line num="17" type="stmt" count="218"/>
        <line num="20" type="method" name="commandFileFinder" visibility="public" complexity="1" crap="1" count="104"/>
        <line num="22" type="stmt" count="104"/>
        <line num="23" type="stmt" count="104"/>
        <line num="24" type="stmt" count="104"/>
        <line num="27" type="method" name="factoryDirectoryFinder" visibility="public" complexity="1" crap="1" count="1"/>
        <line num="29" type="stmt" count="1"/>
        <line num="30" type="stmt" count="1"/>
        <line num="31" type="stmt" count="1"/>
        <line num="32" type="stmt" count="1"/>
        <line num="35" type="method" name="migrationDirectoryFinder" visibility="public" complexity="1" crap="1" count="1"/>
        <line num="37" type="stmt" count="1"/>
        <line num="38" type="stmt" count="1"/>
        <line num="39" type="stmt" count="1"/>
        <line num="40" type="stmt" count="1"/>
        <line num="43" type="method" name="modelFileFinder" visibility="public" complexity="1" crap="1" count="1"/>
        <line num="45" type="stmt" count="1"/>
        <line num="46" type="stmt" count="1"/>
        <line num="47" type="stmt" count="1"/>
        <line num="50" type="method" name="bladeComponentFileFinder" visibility="public" complexity="1" crap="1" count="1"/>
        <line num="52" type="stmt" count="1"/>
        <line num="53" type="stmt" count="1"/>
        <line num="54" type="stmt" count="1"/>
[...]
      <file name="/src/Support/FinderCollection.php">
        <class name="Zen\Modulr\Support\FinderCollection" namespace="Zen\Modulr\Support">
          <metrics complexity="26" methods="12" coveredmethods="6" conditionals="0" coveredconditionals="0" statements="35" coveredstatements="29" elements="47" coveredelements="35"/>
        </class>
        <line num="25" type="method" name="forFiles" visibility="public" complexity="1" crap="1" count="218"/>
        <line num="27" type="stmt" count="218"/>
        <line num="30" type="method" name="forDirectories" visibility="public" complexity="1" crap="1" count="10"/>
        <line num="32" type="stmt" count="10"/>
        <line num="38" type="method" name="__construct" visibility="public" complexity="3" crap="3" count="218"/>
        <line num="42" type="stmt" count="218"/>
        <line num="44" type="stmt" count="218"/>
        <line num="45" type="stmt" count="218"/>
        <line num="52" type="method" name="in" visibility="public" complexity="2" crap="2.15" count="218"/>
        <line num="54" type="stmt" count="218"/>
        <line num="55" type="stmt" count="218"/>
        <line num="58" type="stmt" count="0"/>
        <line num="64" type="method" name="inOrEmpty" visibility="public" complexity="2" crap="2" count="218"/>
        <line num="67" type="stmt" count="218"/>
        <line num="68" type="stmt" count="218"/>
        <line num="69" type="stmt" count="218"/>
        <line num="76" type="method" name="depth" visibility="public" complexity="2" crap="2.15" count="218"/>
        <line num="78" type="stmt" count="218"/>
        <line num="79" type="stmt" count="218"/>
        <line num="82" type="stmt" count="0"/>
        <line num="88" type="method" name="name" visibility="public" complexity="2" crap="2.15" count="218"/>
        <line num="90" type="stmt" count="218"/>
        <line num="91" type="stmt" count="218"/>
        <line num="94" type="stmt" count="0"/>
        <line num="97" type="method" name="sortByName" visibility="public" complexity="2" crap="2.15" count="218"/>
        <line num="99" type="stmt" count="218"/>
        <line num="100" type="stmt" count="218"/>
        <line num="103" type="stmt" count="0"/>
        <line num="111" type="method" name="collect" visibility="public" complexity="1" crap="1" count="218"/>
        <line num="113" type="stmt" count="218"/>
        <line num="119" type="method" name="__call" visibility="public" complexity="3" crap="3.04" count="218"/>
        <line num="121" type="stmt" count="218"/>
        <line num="123" type="stmt" count="218"/>
        <line num="124" type="stmt" count="0"/>
        <line num="127" type="stmt" count="218"/>
        <line num="128" type="stmt" count="218"/>
        <line num="131" type="stmt" count="6"/>
        <line num="137" type="method" name="forwardCallTargetForMethod" visibility="private" complexity="4" crap="4.59" count="218"/>
        <line num="139" type="stmt" count="218"/>
        <line num="140" type="stmt" count="0"/>
        <line num="143" type="stmt" count="218"/>
        <line num="149" type="method" name="forwardCollection" visibility="private" complexity="3" crap="3" count="218"/>
        <line num="151" type="stmt" count="218"/>
        <line num="152" type="stmt" count="218"/>
        <line num="153" type="stmt" count="218"/>
        <line num="154" type="stmt" count="46"/>
        <line num="157" type="stmt" count="218"/>
        <metrics loc="160" ncloc="125" classes="1" methods="12" coveredmethods="6" conditionals="0" coveredconditionals="0" statements="35" coveredstatements="29" elements="47" coveredelements="35"/>
      </file>
      <file name="/src/Support/Registry.php">
        <class name="Zen\Modulr\Support\Registry" namespace="Zen\Modulr\Support">
          <metrics complexity="20" methods="11" coveredmethods="9" conditionals="0" coveredconditionals="0" statements="52" coveredstatements="50" elements="63" coveredelements="59"/>
        </class>
        <line num="17" type="method" name="__construct" visibility="public" complexity="1" crap="1" count="218"/>
        <line num="20" type="stmt" count="218"/>
        <line num="22" type="method" name="getModulesPath" visibility="public" complexity="1" crap="1" count="218"/>
        <line num="24" type="stmt" count="218"/>
        <line num="27" type="method" name="getCachePath" visibility="public" complexity="1" crap="1" count="47"/>
        <line num="29" type="stmt" count="47"/>
        <line num="32" type="method" name="module" visibility="public" complexity="2" crap="2" count="50"/>
        <line num="35" type="stmt" count="50"/>
        <line num="36" type="stmt" count="48"/>
        <line num="37" type="stmt" count="50"/>
        <line num="40" type="method" name="moduleForPath" visibility="public" complexity="1" crap="1" count="4"/>
        <line num="42" type="stmt" count="4"/>
        <line num="48" type="method" name="moduleForPathOrFail" visibility="public" complexity="2" crap="2.15" count="1"/>
        <line num="50" type="stmt" count="1"/>
        <line num="51" type="stmt" count="1"/>
        <line num="54" type="stmt" count="0"/>
        <line num="57" type="method" name="moduleForClass" visibility="public" complexity="3" crap="3" count="8"/>
        <line num="59" type="stmt" count="8"/>
        <line num="60" type="stmt" count="6"/>
        <line num="61" type="stmt" count="6"/>
        <line num="62" type="stmt" count="6"/>
        <line num="66" type="stmt" count="5"/>
        <line num="67" type="stmt" count="8"/>
        <line num="73" type="method" name="modules" visibility="public" complexity="1" crap="1" count="59"/>
        <line num="75" type="stmt" count="59"/>
        <line num="81" type="method" name="reload" visibility="public" complexity="1" crap="1" count="218"/>
        <line num="83" type="stmt" count="218"/>
        <line num="85" type="stmt" count="218"/>
        <line num="91" type="method" name="loadModules" visibility="protected" complexity="3" crap="3" count="218"/>
        <line num="93" type="stmt" count="218"/>
        <line num="95" type="stmt" count="1"/>
        <line num="98" type="stmt" count="1"/>
        <line num="99" type="stmt" count="1"/>
        <line num="101" type="stmt" count="1"/>
        <line num="102" type="stmt" count="1"/>
        <line num="104" type="stmt" count="1"/>
        <line num="105" type="stmt" count="1"/>
        <line num="107" type="stmt" count="1"/>
        <line num="110" type="stmt" count="218"/>
        <line num="111" type="stmt" count="4"/>
        <line num="115" type="stmt" count="218"/>
        <line num="116" type="stmt" count="218"/>
        <line num="117" type="stmt" count="218"/>
        <line num="118" type="stmt" count="218"/>
        <line num="119" type="stmt" count="218"/>
        <line num="120" type="stmt" count="218"/>
        <line num="121" type="stmt" count="218"/>
        <line num="122" type="stmt" count="46"/>
        <line num="124" type="stmt" count="46"/>
        <line num="125" type="stmt" count="218"/>
        <line num="126" type="stmt" count="218"/>
        <line num="127" type="stmt" count="218"/>
        <line num="129" type="stmt" count="218"/>
        <line num="132" type="method" name="extractModuleNameFromPath" visibility="protected" complexity="4" crap="4.02" count="4"/>
        <line num="135" type="stmt" count="4"/>
        <line num="139" type="stmt" count="4"/>
        <line num="140" type="stmt" count="2"/>
        <line num="142" type="stmt" count="2"/>
        <line num="143" type="stmt" count="2"/>
        <line num="144" type="stmt" count="2"/>
        <line num="145" type="stmt" count="2"/>
        <line num="146" type="stmt" count="0"/>
        <line num="151" type="stmt" count="4"/>
        <metrics loc="154" ncloc="133" classes="1" methods="11" coveredmethods="9" conditionals="0" coveredconditionals="0" statements="52" coveredstatements="50" elements="63" coveredelements="59"/>
      </file>
    </package>
    <package name="Zen\Modulr\Support\Facades">
      <file name="/src/Support/Facades/Modulr.php">
        <class name="Zen\Modulr\Support\Facades\Modulr" namespace="Zen\Modulr\Support\Facades">
          <metrics complexity="1" methods="1" coveredmethods="1" conditionals="0" coveredconditionals="0" statements="1" coveredstatements="1" elements="2" coveredelements="2"/>
        </class>
        <line num="23" type="method" name="getFacadeAccessor" visibility="protected" complexity="1" crap="1" count="10"/>
        <line num="25" type="stmt" count="10"/>
        <metrics loc="28" ncloc="19" classes="1" methods="1" coveredmethods="1" conditionals="0" coveredconditionals="0" statements="1" coveredstatements="1" elements="2" coveredelements="2"/>
      </file>
    </package>
    <package name="Zen\Modulr\Support\PhpStorm">
      <file name="/src/Support/PhpStorm/ConfigWriter.php">
        <class name="Zen\Modulr\Support\PhpStorm\ConfigWriter" namespace="Zen\Modulr\Support\PhpStorm">
          <metrics complexity="9" methods="5" coveredmethods="4" conditionals="0" coveredconditionals="0" statements="21" coveredstatements="20" elements="26" coveredelements="24"/>
        </class>
        <line num="18" type="method" name="__construct" visibility="public" complexity="1" crap="1" count="9"/>
        <line num="20" type="method" name="handle" visibility="public" complexity="2" crap="2" count="5"/>
        <line num="22" type="stmt" count="5"/>
        <line num="23" type="stmt" count="3"/>
        <line num="26" type="stmt" count="5"/>
        <line num="29" type="method" name="checkConfigFilePermissions" visibility="protected" complexity="4" crap="4.13" count="5"/>
        <line num="31" type="stmt" count="5"/>
        <line num="32" type="stmt" count="3"/>
        <line num="35" type="stmt" count="5"/>
        <line num="36" type="stmt" count="0"/>
        <line num="39" type="stmt" count="5"/>
        <line num="42" type="method" name="error" visibility="protected" complexity="1" crap="1" count="3"/>
        <line num="44" type="stmt" count="3"/>
        <line num="46" type="stmt" count="3"/>
        <line num="49" type="method" name="formatXml" visibility="protected" complexity="1" crap="1" count="7"/>
        <line num="51" type="stmt" count="7"/>
        <line num="52" type="stmt" count="7"/>
        <line num="53" type="stmt" count="7"/>
        <line num="55" type="stmt" count="7"/>
        <line num="56" type="stmt" count="7"/>
        <line num="58" type="stmt" count="7"/>
        <line num="60" type="stmt" count="7"/>
        <line num="61" type="stmt" count="7"/>
        <line num="63" type="stmt" count="7"/>
        <line num="65" type="stmt" count="7"/>
        <metrics loc="68" ncloc="68" classes="1" methods="5" coveredmethods="4" conditionals="0" coveredconditionals="0" statements="21" coveredstatements="20" elements="26" coveredelements="24"/>
      </file>
      <file name="/src/Support/PhpStorm/LaravelConfigWriter.php">
        <class name="Zen\Modulr\Support\PhpStorm\LaravelConfigWriter" namespace="Zen\Modulr\Support\PhpStorm">
          <metrics complexity="10" methods="2" coveredmethods="0" conditionals="0" coveredconditionals="0" statements="40" coveredstatements="30" elements="42" coveredelements="30"/>
        </class>
        <line num="13" type="method" name="write" visibility="public" complexity="4" crap="4.59" count="2"/>
        <line num="15" type="stmt" count="2"/>
        <line num="16" type="stmt" count="2"/>
        <line num="19" type="stmt" count="2"/>
        <line num="20" type="stmt" count="0"/>
        <line num="21" type="stmt" count="0"/>
        <line num="27" type="stmt" count="2"/>
        <line num="28" type="stmt" count="2"/>
        <line num="29" type="stmt" count="2"/>
        <line num="30" type="stmt" count="2"/>
        <line num="32" type="stmt" count="2"/>
        <line num="33" type="stmt" count="2"/>
        <line num="34" type="stmt" count="2"/>
        <line num="35" type="stmt" count="0"/>
        <line num="36" type="stmt" count="0"/>
        <line num="37" type="stmt" count="0"/>
        <line num="38" type="stmt" count="0"/>
        <line num="40" type="stmt" count="2"/>
        <line num="42" type="stmt" count="2"/>
        <line num="45" type="method" name="getNormalizedPluginConfig" visibility="protected" complexity="6" crap="6.22" count="2"/>
        <line num="47" type="stmt" count="2"/>
        <line num="48" type="stmt" count="2"/>
        <line num="49" type="stmt" count="0"/>
        <line num="52" type="stmt" count="2"/>
        <line num="53" type="stmt" count="2"/>
        <line num="54" type="stmt" count="0"/>
        <line num="58" type="stmt" count="2"/>
        <line num="59" type="stmt" count="2"/>
        <line num="60" type="stmt" count="2"/>
        <line num="61" type="stmt" count="2"/>
        <line num="62" type="stmt" count="2"/>
        <line num="64" type="stmt" count="0"/>
        <line num="68" type="stmt" count="2"/>
        <line num="69" type="stmt" count="2"/>
        <line num="70" type="stmt" count="2"/>
        <line num="71" type="stmt" count="2"/>
        <line num="72" type="stmt" count="2"/>
        <line num="74" type="stmt" count="0"/>
        <line num="78" type="stmt" count="2"/>
        <line num="79" type="stmt" count="2"/>
        <line num="80" type="stmt" count="2"/>
        <line num="83" type="stmt" count="2"/>
        <metrics loc="86" ncloc="80" classes="1" methods="2" coveredmethods="0" conditionals="0" coveredconditionals="0" statements="40" coveredstatements="30" elements="42" coveredelements="30"/>
      </file>
      <file name="/src/Support/PhpStorm/PhpFrameworkWriter.php">
        <class name="Zen\Modulr\Support\PhpStorm\PhpFrameworkWriter" namespace="Zen\Modulr\Support\PhpStorm">
          <metrics complexity="7" methods="1" coveredmethods="0" conditionals="0" coveredconditionals="0" statements="19" coveredstatements="16" elements="20" coveredelements="16"/>
        </class>
        <line num="13" type="method" name="write" visibility="public" complexity="7" crap="7.19" count="3"/>
        <line num="15" type="stmt" count="3"/>
        <line num="16" type="stmt" count="3"/>
        <line num="17" type="stmt" count="0"/>
        <line num="20" type="stmt" count="3"/>
        <line num="21" type="stmt" count="3"/>
        <line num="22" type="stmt" count="0"/>
        <line num="25" type="stmt" count="3"/>
        <line num="26" type="stmt" count="3"/>
        <line num="27" type="stmt" count="0"/>
        <line num="31" type="stmt" count="3"/>
        <line num="32" type="stmt" count="3"/>
        <line num="33" type="stmt" count="3"/>
        <line num="34" type="stmt" count="3"/>
        <line num="35" type="stmt" count="3"/>
        <line num="37" type="stmt" count="3"/>
        <line num="39" type="stmt" count="3"/>
        <line num="40" type="stmt" count="3"/>
        <line num="41" type="stmt" count="1"/>
        <line num="45" type="stmt" count="3"/>
        <metrics loc="48" ncloc="47" classes="1" methods="1" coveredmethods="0" conditionals="0" coveredconditionals="0" statements="19" coveredstatements="16" elements="20" coveredelements="16"/>
      </file>
      <file name="/src/Support/PhpStorm/ProjectImlWriter.php">
        <class name="Zen\Modulr\Support\PhpStorm\ProjectImlWriter" namespace="Zen\Modulr\Support\PhpStorm">
          <metrics complexity="10" methods="2" coveredmethods="0" conditionals="0" coveredconditionals="0" statements="45" coveredstatements="28" elements="47" coveredelements="28"/>
        </class>
        <line num="14" type="method" name="write" visibility="public" complexity="5" crap="8.49" count="2"/>
        <line num="17" type="stmt" count="2"/>
        <line num="19" type="stmt" count="2"/>
        <line num="20" type="stmt" count="2"/>
        <line num="23" type="stmt" count="2"/>
        <line num="24" type="stmt" count="2"/>
        <line num="27" type="stmt" count="2"/>
        <line num="28" type="stmt" count="2"/>
        <line num="29" type="stmt" count="2"/>
        <line num="31" type="stmt" count="2"/>
        <line num="32" type="stmt" count="2"/>
        <line num="33" type="stmt" count="2"/>
        <line num="34" type="stmt" count="0"/>
        <line num="36" type="stmt" count="0"/>
        <line num="37" type="stmt" count="0"/>
        <line num="38" type="stmt" count="0"/>
        <line num="39" type="stmt" count="0"/>
        <line num="40" type="stmt" count="0"/>
        <line num="41" type="stmt" count="0"/>
        <line num="45" type="stmt" count="0"/>
        <line num="46" type="stmt" count="0"/>
        <line num="47" type="stmt" count="0"/>
        <line num="48" type="stmt" count="0"/>
        <line num="49" type="stmt" count="0"/>
        <line num="50" type="stmt" count="0"/>
        <line num="51" type="stmt" count="0"/>
        <line num="54" type="stmt" count="2"/>
        <line num="56" type="stmt" count="2"/>
        <line num="59" type="method" name="getNormalizedPluginConfig" visibility="protected" complexity="5" crap="5.12" count="2"/>
        <line num="61" type="stmt" count="2"/>
        <line num="62" type="stmt" count="2"/>
        <line num="63" type="stmt" count="0"/>
        <line num="66" type="stmt" count="2"/>
        <line num="67" type="stmt" count="2"/>
        <line num="68" type="stmt" count="0"/>
        <line num="72" type="stmt" count="2"/>
        <line num="73" type="stmt" count="2"/>
        <line num="74" type="stmt" count="2"/>
        <line num="75" type="stmt" count="2"/>
        <line num="76" type="stmt" count="2"/>
        <line num="78" type="stmt" count="0"/>
        <line num="82" type="stmt" count="2"/>
        <line num="83" type="stmt" count="2"/>
        <line num="84" type="stmt" count="2"/>
        <line num="85" type="stmt" count="2"/>
        <line num="86" type="stmt" count="2"/>
        <line num="89" type="stmt" count="2"/>
        <metrics loc="92" ncloc="87" classes="1" methods="2" coveredmethods="0" conditionals="0" coveredconditionals="0" statements="45" coveredstatements="28" elements="47" coveredelements="28"/>
      </file>
      <file name="/src/Support/PhpStorm/WorkspaceWriter.php">
        <class name="Zen\Modulr\Support\PhpStorm\WorkspaceWriter" namespace="Zen\Modulr\Support\PhpStorm">
          <metrics complexity="7" methods="1" coveredmethods="0" conditionals="0" coveredconditionals="0" statements="19" coveredstatements="16" elements="20" coveredelements="16"/>
        </class>
        <line num="13" type="method" name="write" visibility="public" complexity="7" crap="7.19" count="2"/>
        <line num="15" type="stmt" count="2"/>
        <line num="16" type="stmt" count="2"/>
        <line num="17" type="stmt" count="0"/>
        <line num="20" type="stmt" count="2"/>
        <line num="21" type="stmt" count="2"/>
        <line num="22" type="stmt" count="0"/>
        <line num="25" type="stmt" count="2"/>
        <line num="26" type="stmt" count="2"/>
        <line num="27" type="stmt" count="0"/>
        <line num="31" type="stmt" count="2"/>
        <line num="32" type="stmt" count="2"/>
        <line num="33" type="stmt" count="2"/>
        <line num="34" type="stmt" count="2"/>
        <line num="35" type="stmt" count="2"/>
        <line num="37" type="stmt" count="2"/>
        <line num="39" type="stmt" count="2"/>
        <line num="40" type="stmt" count="2"/>
        <line num="41" type="stmt" count="1"/>
        <line num="45" type="stmt" count="2"/>
        <metrics loc="48" ncloc="47" classes="1" methods="1" coveredmethods="0" conditionals="0" coveredconditionals="0" statements="19" coveredstatements="16" elements="20" coveredelements="16"/>
      </file>
    </package>
    <metrics files="50" loc="3881" ncloc="3388" classes="35" methods="163" coveredmethods="96" conditionals="0" coveredconditionals="0" statements="1245" coveredstatements="830" elements="1408" coveredelements="926"/>
  </project>
</coverage>
