<?xml version="1.0" encoding="UTF-8"?>
<coverage generated="1766109359">
  <project timestamp="1766109359" name="Clover Coverage">
    <package name="Zen\Modulr\Concerns">
      <file name="/src/Concerns/ConfiguresCommands.php">
        <class name="Zen\Modulr\Concerns\ConfiguresCommands" namespace="Zen\Modulr\Concerns">
          <metrics complexity="18" methods="5" coveredmethods="5" conditionals="0" coveredconditionals="0" statements="47" coveredstatements="47" elements="52" coveredelements="52"/>
        </class>
        <line num="21" type="method" name="getDefaultNamespace" visibility="protected" complexity="4" crap="4" count="65"/>
        <line num="24" type="stmt" count="65"/>
        <line num="25" type="stmt" count="65"/>
        <line num="27" type="stmt" count="65"/>
        <line num="28" type="stmt" count="26"/>
        <line num="31" type="stmt" count="40"/>
        <line num="32" type="stmt" count="40"/>
        <line num="34" type="stmt" count="40"/>
        <line num="35" type="stmt" count="38"/>
        <line num="36" type="stmt" count="38"/>
        <line num="37" type="stmt" count="38"/>
        <line num="40" type="stmt" count="40"/>
        <line num="48" type="method" name="qualifyClass" visibility="protected" complexity="4" crap="4" count="71"/>
        <line num="50" type="stmt" count="71"/>
        <line num="51" type="stmt" count="71"/>
        <line num="53" type="stmt" count="70"/>
        <line num="54" type="stmt" count="27"/>
        <line num="57" type="stmt" count="44"/>
        <line num="59" type="stmt" count="44"/>
        <line num="60" type="stmt" count="44"/>
        <line num="63" type="stmt" count="44"/>
        <line num="69" type="method" name="qualifyModel" visibility="protected" complexity="3" crap="3" count="9"/>
        <line num="71" type="stmt" count="9"/>
        <line num="73" type="stmt" count="9"/>
        <line num="74" type="stmt" count="3"/>
        <line num="77" type="stmt" count="7"/>
        <line num="79" type="stmt" count="7"/>
        <line num="80" type="stmt" count="4"/>
        <line num="83" type="stmt" count="3"/>
        <line num="91" type="method" name="getPath" visibility="protected" complexity="5" crap="5" count="68"/>
        <line num="93" type="stmt" count="68"/>
        <line num="95" type="stmt" count="68"/>
        <line num="96" type="stmt" count="44"/>
        <line num="97" type="stmt" count="44"/>
        <line num="98" type="stmt" count="44"/>
        <line num="103" type="stmt" count="68"/>
        <line num="105" type="stmt" count="68"/>
        <line num="106" type="stmt" count="44"/>
        <line num="108" type="stmt" count="44"/>
        <line num="109" type="stmt" count="44"/>
        <line num="110" type="stmt" count="44"/>
        <line num="111" type="stmt" count="44"/>
        <line num="112" type="stmt" count="44"/>
        <line num="115" type="stmt" count="44"/>
        <line num="117" type="stmt" count="44"/>
        <line num="118" type="stmt" count="44"/>
        <line num="121" type="stmt" count="44"/>
        <line num="124" type="stmt" count="68"/>
        <line num="131" type="method" name="call" visibility="public" complexity="2" crap="2" count="1"/>
        <line num="134" type="stmt" count="1"/>
        <line num="135" type="stmt" count="1"/>
        <line num="138" type="stmt" count="1"/>
        <metrics loc="141" ncloc="112" classes="1" methods="5" coveredmethods="5" conditionals="0" coveredconditionals="0" statements="47" coveredstatements="47" elements="52" coveredelements="52"/>
      </file>
      <file name="/src/Concerns/GeneratesModules.php">
        <class name="Zen\Modulr\Concerns\GeneratesModules" namespace="Zen\Modulr\Concerns">
          <metrics complexity="5" methods="2" coveredmethods="2" conditionals="0" coveredconditionals="0" statements="16" coveredstatements="16" elements="18" coveredelements="18"/>
        </class>
        <line num="18" type="method" name="module" visibility="protected" complexity="4" crap="4" count="80"/>
        <line num="20" type="stmt" count="80"/>
        <line num="22" type="stmt" count="80"/>
        <line num="24" type="stmt" count="50"/>
        <line num="26" type="stmt" count="50"/>
        <line num="27" type="stmt" count="49"/>
        <line num="30" type="stmt" count="1"/>
        <line num="33" type="stmt" count="31"/>
        <line num="39" type="method" name="configure" visibility="protected" complexity="1" crap="1" count="108"/>
        <line num="41" type="stmt" count="108"/>
        <line num="43" type="stmt" count="108"/>
        <line num="44" type="stmt" count="108"/>
        <line num="45" type="stmt" count="108"/>
        <line num="46" type="stmt" count="108"/>
        <line num="47" type="stmt" count="108"/>
        <line num="48" type="stmt" count="108"/>
        <line num="49" type="stmt" count="108"/>
        <line num="50" type="stmt" count="108"/>
        <metrics loc="53" ncloc="46" classes="1" methods="2" coveredmethods="2" conditionals="0" coveredconditionals="0" statements="16" coveredstatements="16" elements="18" coveredelements="18"/>
      </file>
    </package>
    <package name="Zen\Modulr\Console\Commands">
      <file name="/src/Console/Commands/CacheCommand.php">
        <class name="Zen\Modulr\Console\Commands\CacheCommand" namespace="Zen\Modulr\Console\Commands">
          <metrics complexity="2" methods="1" coveredmethods="1" conditionals="0" coveredconditionals="0" statements="12" coveredstatements="12" elements="13" coveredelements="13"/>
        </class>
        <line num="26" type="method" name="handle" visibility="public" complexity="2" crap="2" count="3"/>
        <line num="28" type="stmt" count="3"/>
        <line num="30" type="stmt" count="3"/>
        <line num="31" type="stmt" count="3"/>
        <line num="32" type="stmt" count="3"/>
        <line num="34" type="stmt" count="3"/>
        <line num="35" type="stmt" count="3"/>
        <line num="37" type="stmt" count="3"/>
        <line num="40" type="stmt" count="3"/>
        <line num="41" type="stmt" count="1"/>
        <line num="42" type="stmt" count="1"/>
        <line num="43" type="stmt" count="1"/>
        <line num="46" type="stmt" count="2"/>
        <metrics loc="49" ncloc="43" classes="1" methods="1" coveredmethods="1" conditionals="0" coveredconditionals="0" statements="12" coveredstatements="12" elements="13" coveredelements="13"/>
      </file>
      <file name="/src/Console/Commands/ClearCommand.php">
        <class name="Zen\Modulr\Console\Commands\ClearCommand" namespace="Zen\Modulr\Console\Commands">
          <metrics complexity="1" methods="1" coveredmethods="1" conditionals="0" coveredconditionals="0" statements="2" coveredstatements="2" elements="3" coveredelements="3"/>
        </class>
        <line num="23" type="method" name="handle" visibility="public" complexity="1" crap="1" count="101"/>
        <line num="25" type="stmt" count="101"/>
        <line num="26" type="stmt" count="101"/>
        <metrics loc="29" ncloc="23" classes="1" methods="1" coveredmethods="1" conditionals="0" coveredconditionals="0" statements="2" coveredstatements="2" elements="3" coveredelements="3"/>
      </file>
      <file name="/src/Console/Commands/InstallCommand.php">
        <class name="Zen\Modulr\Console\Commands\InstallCommand" namespace="Zen\Modulr\Console\Commands">
          <metrics complexity="28" methods="11" coveredmethods="11" conditionals="0" coveredconditionals="0" statements="103" coveredstatements="103" elements="114" coveredelements="114"/>
        </class>
        <line num="44" type="method" name="__construct" visibility="public" complexity="1" crap="1" count="188"/>
        <line num="48" type="stmt" count="188"/>
        <line num="129" type="method" name="makeNewModule" visibility="protected" complexity="1" crap="1" count="1"/>
        <line num="131" type="stmt" count="1"/>
        <line num="133" type="stmt" count="1"/>
        <line num="139" type="method" name="movePackageToModules" visibility="protected" complexity="2" crap="2" count="2"/>
        <line num="141" type="stmt" count="2"/>
        <line num="143" type="stmt" count="2"/>
        <line num="145" type="stmt" count="2"/>
        <line num="146" type="stmt" count="1"/>
        <line num="148" type="stmt" count="1"/>
        <line num="151" type="stmt" count="1"/>
        <line num="153" type="stmt" count="1"/>
        <line num="155" type="stmt" count="1"/>
        <line num="157" type="stmt" count="1"/>
        <line num="159" type="stmt" count="1"/>
        <line num="161" type="stmt" count="1"/>
        <line num="163" type="stmt" count="1"/>
        <line num="165" type="stmt" count="1"/>
        <line num="205" type="method" name="updateModuleComposerFile" visibility="protected" complexity="1" crap="1" count="1"/>
        <line num="207" type="stmt" count="1"/>
        <line num="209" type="stmt" count="1"/>
        <line num="211" type="stmt" count="1"/>
        <line num="213" type="stmt" count="1"/>
        <line num="215" type="stmt" count="1"/>
        <line num="216" type="stmt" count="1"/>
        <line num="218" type="stmt" count="1"/>
        <line num="219" type="stmt" count="1"/>
        <line num="220" type="stmt" count="1"/>
        <line num="221" type="stmt" count="1"/>
        <line num="222" type="stmt" count="1"/>
        <line num="223" type="stmt" count="1"/>
        <line num="224" type="stmt" count="1"/>
        <line num="226" type="stmt" count="1"/>
        <line num="228" type="stmt" count="1"/>
        <line num="230" type="stmt" count="1"/>
        <line num="232" type="stmt" count="1"/>
        <line num="238" type="method" name="ensureModulesDirectoryExists" visibility="protected" complexity="2" crap="2" count="2"/>
        <line num="240" type="stmt" count="2"/>
        <line num="241" type="stmt" count="2"/>
        <line num="242" type="stmt" count="2"/>
        <line num="245" type="stmt" count="2"/>
        <line num="254" type="method" name="updateCoreComposerConfig" visibility="protected" complexity="9" crap="9" count="4"/>
        <line num="256" type="stmt" count="4"/>
        <line num="258" type="stmt" count="4"/>
        <line num="262" type="stmt" count="4"/>
        <line num="264" type="stmt" count="4"/>
        <line num="266" type="stmt" count="4"/>
        <line num="268" type="stmt" count="4"/>
        <line num="272" type="stmt" count="4"/>
        <line num="277" type="stmt" count="4"/>
        <line num="278" type="stmt" count="4"/>
        <line num="279" type="stmt" count="4"/>
        <line num="280" type="stmt" count="4"/>
        <line num="281" type="stmt" count="4"/>
        <line num="282" type="stmt" count="4"/>
        <line num="283" type="stmt" count="4"/>
        <line num="284" type="stmt" count="4"/>
        <line num="286" type="stmt" count="4"/>
        <line num="289" type="stmt" count="4"/>
        <line num="290" type="stmt" count="4"/>
        <line num="291" type="stmt" count="4"/>
        <line num="293" type="stmt" count="4"/>
        <line num="294" type="stmt" count="1"/>
        <line num="295" type="stmt" count="1"/>
        <line num="297" type="stmt" count="1"/>
        <line num="298" type="stmt" count="1"/>
        <line num="302" type="stmt" count="1"/>
        <line num="306" type="stmt" count="4"/>
        <line num="318" type="stmt" count="4"/>
        <line num="319" type="stmt" count="4"/>
        <line num="320" type="stmt" count="1"/>
        <line num="321" type="stmt" count="1"/>
        <line num="323" type="stmt" count="1"/>
        <line num="324" type="stmt" count="1"/>
        <line num="327" type="stmt" count="4"/>
        <line num="328" type="stmt" count="2"/>
        <line num="329" type="stmt" count="2"/>
        <line num="331" type="stmt" count="2"/>
        <line num="334" type="stmt" count="4"/>
        <line num="336" type="stmt" count="4"/>
        <line num="345" type="method" name="sortComposerPackages" visibility="protected" complexity="1" crap="1" count="2"/>
        <line num="347" type="stmt" count="2"/>
        <line num="348" type="stmt" count="2"/>
        <line num="349" type="stmt" count="2"/>
        <line num="350" type="stmt" count="2"/>
        <line num="351" type="stmt" count="2"/>
        <line num="352" type="stmt" count="2"/>
        <line num="353" type="stmt" count="2"/>
        <line num="354" type="stmt" count="2"/>
        <line num="355" type="stmt" count="2"/>
        <line num="356" type="stmt" count="2"/>
        <line num="357" type="stmt" count="2"/>
        <line num="358" type="stmt" count="2"/>
        <line num="359" type="stmt" count="2"/>
        <line num="360" type="stmt" count="2"/>
        <line num="361" type="stmt" count="2"/>
        <line num="362" type="stmt" count="2"/>
        <line num="363" type="stmt" count="2"/>
        <line num="364" type="stmt" count="2"/>
        <line num="365" type="stmt" count="2"/>
        <line num="367" type="stmt" count="2"/>
        <line num="369" type="stmt" count="2"/>
        <line num="375" type="method" name="setUpStyles" visibility="protected" complexity="2" crap="2" count="1"/>
        <line num="377" type="stmt" count="1"/>
        <line num="379" type="stmt" count="1"/>
        <line num="380" type="stmt" count="1"/>
        <line num="387" type="method" name="title" visibility="protected" complexity="1" crap="1" count="9"/>
        <line num="389" type="stmt" count="9"/>
        <line num="397" type="method" name="newLine" visibility="public" complexity="1" crap="1" count="9"/>
        <line num="399" type="stmt" count="9"/>
        <line num="401" type="stmt" count="9"/>
        <line num="409" type="method" name="createProcess" visibility="public" complexity="1" crap="1" count="1"/>
        <line num="411" type="stmt" count="1"/>
        <metrics loc="414" ncloc="330" classes="1" methods="11" coveredmethods="11" conditionals="0" coveredconditionals="0" statements="103" coveredstatements="103" elements="114" coveredelements="114"/>
      </file>
      <file name="/src/Console/Commands/ListCommand.php">
        <class name="Zen\Modulr\Console\Commands\ListCommand" namespace="Zen\Modulr\Console\Commands">
          <metrics complexity="2" methods="1" coveredmethods="1" conditionals="0" coveredconditionals="0" statements="17" coveredstatements="17" elements="18" coveredelements="18"/>
        </class>
        <line num="18" type="method" name="handle" visibility="public" complexity="2" crap="2" count="1"/>
        <line num="20" type="stmt" count="1"/>
        <line num="22" type="stmt" count="1"/>
        <line num="23" type="stmt" count="1"/>
        <line num="24" type="stmt" count="1"/>
        <line num="26" type="stmt" count="1"/>
        <line num="27" type="stmt" count="1"/>
        <line num="30" type="stmt" count="1"/>
        <line num="31" type="stmt" count="1"/>
        <line num="32" type="stmt" count="1"/>
        <line num="33" type="stmt" count="1"/>
        <line num="34" type="stmt" count="1"/>
        <line num="35" type="stmt" count="1"/>
        <line num="36" type="stmt" count="1"/>
        <line num="38" type="stmt" count="1"/>
        <line num="39" type="stmt" count="1"/>
        <line num="40" type="stmt" count="1"/>
        <line num="42" type="stmt" count="1"/>
        <metrics loc="45" ncloc="45" classes="1" methods="1" coveredmethods="1" conditionals="0" coveredconditionals="0" statements="17" coveredstatements="17" elements="18" coveredelements="18"/>
      </file>
      <file name="/src/Console/Commands/RemoveCommand.php">
        <class name="Zen\Modulr\Console\Commands\RemoveCommand" namespace="Zen\Modulr\Console\Commands">
          <metrics complexity="34" methods="5" coveredmethods="5" conditionals="0" coveredconditionals="0" statements="80" coveredstatements="80" elements="85" coveredelements="85"/>
        </class>
        <line num="47" type="method" name="handle" visibility="public" complexity="6" crap="6" count="12"/>
        <line num="49" type="stmt" count="12"/>
        <line num="50" type="stmt" count="12"/>
        <line num="52" type="stmt" count="12"/>
        <line num="54" type="stmt" count="12"/>
        <line num="55" type="stmt" count="1"/>
        <line num="57" type="stmt" count="1"/>
        <line num="60" type="stmt" count="11"/>
        <line num="62" type="stmt" count="11"/>
        <line num="63" type="stmt" count="1"/>
        <line num="66" type="stmt" count="10"/>
        <line num="68" type="stmt" count="10"/>
        <line num="69" type="stmt" count="1"/>
        <line num="71" type="stmt" count="1"/>
        <line num="83" type="stmt" count="9"/>
        <line num="86" type="stmt" count="9"/>
        <line num="87" type="stmt" count="9"/>
        <line num="90" type="stmt" count="9"/>
        <line num="91" type="stmt" count="9"/>
        <line num="94" type="stmt" count="9"/>
        <line num="95" type="stmt" count="7"/>
        <line num="97" type="stmt" count="7"/>
        <line num="98" type="stmt" count="7"/>
        <line num="102" type="stmt" count="9"/>
        <line num="105" type="stmt" count="9"/>
        <line num="108" type="stmt" count="9"/>
        <line num="110" type="stmt" count="9"/>
        <line num="111" type="stmt" count="9"/>
        <line num="113" type="stmt" count="9"/>
        <line num="116" type="method" name="getModuleName" visibility="protected" complexity="3" crap="3" count="12"/>
        <line num="119" type="stmt" count="12"/>
        <line num="121" type="stmt" count="12"/>
        <line num="122" type="stmt" count="11"/>
        <line num="126" type="stmt" count="1"/>
        <line num="127" type="stmt" count="1"/>
        <line num="129" type="stmt" count="1"/>
        <line num="145" type="method" name="confirmRemoval" visibility="protected" complexity="3" crap="3" count="11"/>
        <line num="147" type="stmt" count="11"/>
        <line num="148" type="stmt" count="9"/>
        <line num="152" type="stmt" count="2"/>
        <line num="153" type="stmt" count="2"/>
        <line num="176" type="method" name="getComposerName" visibility="protected" complexity="3" crap="3" count="9"/>
        <line num="178" type="stmt" count="9"/>
        <line num="180" type="stmt" count="9"/>
        <line num="182" type="stmt" count="8"/>
        <line num="184" type="stmt" count="8"/>
        <line num="185" type="stmt" count="8"/>
        <line num="191" type="stmt" count="1"/>
        <line num="193" type="stmt" count="1"/>
        <line num="200" type="method" name="updateCoreComposerConfig" visibility="protected" complexity="16" crap="16" count="9"/>
        <line num="202" type="stmt" count="9"/>
        <line num="204" type="stmt" count="9"/>
        <line num="208" type="stmt" count="9"/>
        <line num="210" type="stmt" count="9"/>
        <line num="212" type="stmt" count="9"/>
        <line num="214" type="stmt" count="9"/>
        <line num="217" type="stmt" count="9"/>
        <line num="219" type="stmt" count="9"/>
        <line num="221" type="stmt" count="9"/>
        <line num="222" type="stmt" count="7"/>
        <line num="223" type="stmt" count="7"/>
        <line num="224" type="stmt" count="7"/>
        <line num="225" type="stmt" count="7"/>
        <line num="230" type="stmt" count="9"/>
        <line num="232" type="stmt" count="7"/>
        <line num="234" type="stmt" count="7"/>
        <line num="235" type="stmt" count="7"/>
        <line num="237" type="stmt" count="7"/>
        <line num="240" type="stmt" count="7"/>
        <line num="243" type="stmt" count="7"/>
        <line num="244" type="stmt" count="7"/>
        <line num="245" type="stmt" count="7"/>
        <line num="246" type="stmt" count="6"/>
        <line num="247" type="stmt" count="5"/>
        <line num="249" type="stmt" count="1"/>
        <line num="252" type="stmt" count="3"/>
        <line num="253" type="stmt" count="3"/>
        <line num="257" type="stmt" count="7"/>
        <line num="260" type="stmt" count="7"/>
        <line num="261" type="stmt" count="1"/>
        <line num="265" type="stmt" count="9"/>
        <line num="266" type="stmt" count="7"/>
        <line num="267" type="stmt" count="7"/>
        <line num="269" type="stmt" count="2"/>
        <line num="272" type="stmt" count="9"/>
        <metrics loc="305" ncloc="255" classes="1" methods="5" coveredmethods="5" conditionals="0" coveredconditionals="0" statements="80" coveredstatements="80" elements="85" coveredelements="85"/>
      </file>
      <file name="/src/Console/Commands/SyncCommand.php">
        <class name="Zen\Modulr\Console\Commands\SyncCommand" namespace="Zen\Modulr\Console\Commands">
          <metrics complexity="24" methods="7" coveredmethods="7" conditionals="0" coveredconditionals="0" statements="75" coveredstatements="75" elements="82" coveredelements="82"/>
        </class>
        <line num="28" type="method" name="handle" visibility="public" complexity="2" crap="2" count="14"/>
        <line num="30" type="stmt" count="14"/>
        <line num="31" type="stmt" count="14"/>
        <line num="33" type="stmt" count="14"/>
        <line num="35" type="stmt" count="14"/>
        <line num="36" type="stmt" count="8"/>
        <line num="40" type="method" name="updatePhpUnit" visibility="protected" complexity="8" crap="8" count="14"/>
        <line num="42" type="stmt" count="14"/>
        <line num="44" type="stmt" count="14"/>
        <line num="45" type="stmt" count="1"/>
        <line num="47" type="stmt" count="1"/>
        <line num="51" type="stmt" count="13"/>
        <line num="53" type="stmt" count="13"/>
        <line num="54" type="stmt" count="13"/>
        <line num="55" type="stmt" count="1"/>
        <line num="57" type="stmt" count="1"/>
        <line num="60" type="stmt" count="12"/>
        <line num="62" type="stmt" count="12"/>
        <line num="63" type="stmt" count="6"/>
        <line num="65" type="stmt" count="6"/>
        <line num="68" type="stmt" count="6"/>
        <line num="69" type="stmt" count="6"/>
        <line num="70" type="stmt" count="1"/>
        <line num="72" type="stmt" count="1"/>
        <line num="76" type="stmt" count="5"/>
        <line num="77" type="stmt" count="5"/>
        <line num="78" type="stmt" count="5"/>
        <line num="80" type="stmt" count="5"/>
        <line num="81" type="stmt" count="5"/>
        <line num="82" type="stmt" count="5"/>
        <line num="84" type="stmt" count="5"/>
        <line num="86" type="stmt" count="5"/>
        <line num="87" type="stmt" count="5"/>
        <line num="88" type="stmt" count="5"/>
        <line num="89" type="stmt" count="5"/>
        <line num="93" type="method" name="updatePhpStormConfig" visibility="protected" complexity="1" crap="1" count="8"/>
        <line num="95" type="stmt" count="8"/>
        <line num="96" type="stmt" count="8"/>
        <line num="97" type="stmt" count="8"/>
        <line num="98" type="stmt" count="8"/>
        <line num="101" type="method" name="updatePhpStormLaravelPlugin" visibility="protected" complexity="3" crap="3" count="8"/>
        <line num="103" type="stmt" count="8"/>
        <line num="104" type="stmt" count="8"/>
        <line num="106" type="stmt" count="8"/>
        <line num="107" type="stmt" count="4"/>
        <line num="109" type="stmt" count="4"/>
        <line num="110" type="stmt" count="4"/>
        <line num="111" type="stmt" count="2"/>
        <line num="116" type="method" name="updatePhpStormPhpConfig" visibility="protected" complexity="3" crap="3" count="8"/>
        <line num="118" type="stmt" count="8"/>
        <line num="119" type="stmt" count="8"/>
        <line num="121" type="stmt" count="8"/>
        <line num="122" type="stmt" count="3"/>
        <line num="124" type="stmt" count="5"/>
        <line num="125" type="stmt" count="5"/>
        <line num="126" type="stmt" count="2"/>
        <line num="131" type="method" name="updatePhpStormWorkspaceConfig" visibility="protected" complexity="3" crap="3" count="8"/>
        <line num="133" type="stmt" count="8"/>
        <line num="134" type="stmt" count="8"/>
        <line num="136" type="stmt" count="8"/>
        <line num="137" type="stmt" count="2"/>
        <line num="139" type="stmt" count="6"/>
        <line num="140" type="stmt" count="6"/>
        <line num="141" type="stmt" count="2"/>
        <line num="146" type="method" name="updatePhpStormProjectIml" visibility="protected" complexity="4" crap="4" count="8"/>
        <line num="148" type="stmt" count="8"/>
        <line num="149" type="stmt" count="8"/>
        <line num="150" type="stmt" count="1"/>
        <line num="153" type="stmt" count="7"/>
        <line num="154" type="stmt" count="7"/>
        <line num="155" type="stmt" count="7"/>
        <line num="156" type="stmt" count="7"/>
        <line num="157" type="stmt" count="3"/>
        <line num="158" type="stmt" count="3"/>
        <line num="160" type="stmt" count="3"/>
        <line num="161" type="stmt" count="2"/>
        <line num="163" type="stmt" count="2"/>
        <line num="166" type="stmt" count="1"/>
        <line num="168" type="stmt" count="1"/>
        <line num="169" type="stmt" count="1"/>
        <line num="172" type="stmt" count="1"/>
        <line num="173" type="stmt" count="7"/>
        <metrics loc="176" ncloc="174" classes="1" methods="7" coveredmethods="7" conditionals="0" coveredconditionals="0" statements="75" coveredstatements="75" elements="82" coveredelements="82"/>
      </file>
    </package>
    <package name="Zen\Modulr\Console\Commands\Database">
      <file name="/src/Console/Commands/Database/SeedCommand.php">
        <class name="Zen\Modulr\Console\Commands\Database\SeedCommand" namespace="Zen\Modulr\Console\Commands\Database">
          <metrics complexity="4" methods="1" coveredmethods="1" conditionals="0" coveredconditionals="0" statements="12" coveredstatements="12" elements="13" coveredelements="13"/>
        </class>
        <line num="21" type="method" name="getSeeder" visibility="protected" complexity="4" crap="4" count="4"/>
        <line num="24" type="stmt" count="4"/>
        <line num="26" type="stmt" count="2"/>
        <line num="28" type="stmt" count="2"/>
        <line num="30" type="stmt" count="2"/>
        <line num="31" type="stmt" count="1"/>
        <line num="32" type="stmt" count="1"/>
        <line num="33" type="stmt" count="1"/>
        <line num="37" type="stmt" count="2"/>
        <line num="39" type="stmt" count="2"/>
        <line num="40" type="stmt" count="2"/>
        <line num="41" type="stmt" count="2"/>
        <line num="44" type="stmt" count="2"/>
        <metrics loc="47" ncloc="41" classes="1" methods="1" coveredmethods="1" conditionals="0" coveredconditionals="0" statements="12" coveredstatements="12" elements="13" coveredelements="13"/>
      </file>
    </package>
    <package name="Zen\Modulr\Console\Commands\Make">
      <file name="/src/Console/Commands/Make/MakeCast.php">
        <class name="Zen\Modulr\Console\Commands\Make\MakeCast" namespace="Zen\Modulr\Console\Commands\Make">
          <metrics complexity="0" methods="0" coveredmethods="0" conditionals="0" coveredconditionals="0" statements="0" coveredstatements="0" elements="0" coveredelements="0"/>
        </class>
        <metrics loc="14" ncloc="14" classes="0" methods="0" coveredmethods="0" conditionals="0" coveredconditionals="0" statements="0" coveredstatements="0" elements="0" coveredelements="0"/>
      </file>
      <file name="/src/Console/Commands/Make/MakeChannel.php">
        <class name="Zen\Modulr\Console\Commands\Make\MakeChannel" namespace="Zen\Modulr\Console\Commands\Make">
          <metrics complexity="0" methods="0" coveredmethods="0" conditionals="0" coveredconditionals="0" statements="0" coveredstatements="0" elements="0" coveredelements="0"/>
        </class>
        <metrics loc="14" ncloc="14" classes="0" methods="0" coveredmethods="0" conditionals="0" coveredconditionals="0" statements="0" coveredstatements="0" elements="0" coveredelements="0"/>
      </file>
      <file name="/src/Console/Commands/Make/MakeCommand.php">
        <class name="Zen\Modulr\Console\Commands\Make\MakeCommand" namespace="Zen\Modulr\Console\Commands\Make">
          <metrics complexity="4" methods="1" coveredmethods="1" conditionals="0" coveredconditionals="0" statements="11" coveredstatements="11" elements="12" coveredelements="12"/>
        </class>
        <line num="24" type="method" name="replaceClass" visibility="protected" complexity="4" crap="4" count="4"/>
        <line num="27" type="stmt" count="4"/>
        <line num="30" type="stmt" count="4"/>
        <line num="31" type="stmt" count="4"/>
        <line num="33" type="stmt" count="4"/>
        <line num="34" type="stmt" count="3"/>
        <line num="35" type="stmt" count="1"/>
        <line num="37" type="stmt" count="2"/>
        <line num="38" type="stmt" count="2"/>
        <line num="42" type="stmt" count="1"/>
        <line num="43" type="stmt" count="1"/>
        <line num="46" type="stmt" count="4"/>
        <metrics loc="49" ncloc="41" classes="1" methods="1" coveredmethods="1" conditionals="0" coveredconditionals="0" statements="11" coveredstatements="11" elements="12" coveredelements="12"/>
      </file>
      <file name="/src/Console/Commands/Make/MakeComponent.php">
        <class name="Zen\Modulr\Console\Commands\Make\MakeComponent" namespace="Zen\Modulr\Console\Commands\Make">
          <metrics complexity="2" methods="1" coveredmethods="1" conditionals="0" coveredconditionals="0" statements="3" coveredstatements="3" elements="4" coveredelements="4"/>
        </class>
        <line num="22" type="method" name="viewPath" visibility="protected" complexity="2" crap="2" count="3"/>
        <line num="25" type="stmt" count="3"/>
        <line num="26" type="stmt" count="2"/>
        <line num="29" type="stmt" count="1"/>
        <metrics loc="32" ncloc="27" classes="1" methods="1" coveredmethods="1" conditionals="0" coveredconditionals="0" statements="3" coveredstatements="3" elements="4" coveredelements="4"/>
      </file>
      <file name="/src/Console/Commands/Make/MakeController.php">
        <class name="Zen\Modulr\Console\Commands\Make\MakeController" namespace="Zen\Modulr\Console\Commands\Make">
          <metrics complexity="3" methods="1" coveredmethods="1" conditionals="0" coveredconditionals="0" statements="8" coveredstatements="8" elements="9" coveredelements="9"/>
        </class>
        <line num="24" type="method" name="parseModel" visibility="protected" complexity="3" crap="3" count="3"/>
        <line num="27" type="stmt" count="3"/>
        <line num="28" type="stmt" count="1"/>
        <line num="31" type="stmt" count="2"/>
        <line num="33" type="stmt" count="1"/>
        <line num="36" type="stmt" count="1"/>
        <line num="37" type="stmt" count="1"/>
        <line num="38" type="stmt" count="1"/>
        <line num="41" type="stmt" count="1"/>
        <metrics loc="44" ncloc="38" classes="1" methods="1" coveredmethods="1" conditionals="0" coveredconditionals="0" statements="8" coveredstatements="8" elements="9" coveredelements="9"/>
      </file>
      <file name="/src/Console/Commands/Make/MakeEvent.php">
        <class name="Zen\Modulr\Console\Commands\Make\MakeEvent" namespace="Zen\Modulr\Console\Commands\Make">
          <metrics complexity="0" methods="0" coveredmethods="0" conditionals="0" coveredconditionals="0" statements="0" coveredstatements="0" elements="0" coveredelements="0"/>
        </class>
        <metrics loc="14" ncloc="14" classes="0" methods="0" coveredmethods="0" conditionals="0" coveredconditionals="0" statements="0" coveredstatements="0" elements="0" coveredelements="0"/>
      </file>
      <file name="/src/Console/Commands/Make/MakeException.php">
        <class name="Zen\Modulr\Console\Commands\Make\MakeException" namespace="Zen\Modulr\Console\Commands\Make">
          <metrics complexity="0" methods="0" coveredmethods="0" conditionals="0" coveredconditionals="0" statements="0" coveredstatements="0" elements="0" coveredelements="0"/>
        </class>
        <metrics loc="14" ncloc="14" classes="0" methods="0" coveredmethods="0" conditionals="0" coveredconditionals="0" statements="0" coveredstatements="0" elements="0" coveredelements="0"/>
      </file>
      <file name="/src/Console/Commands/Make/MakeFactory.php">
        <class name="Zen\Modulr\Console\Commands\Make\MakeFactory" namespace="Zen\Modulr\Console\Commands\Make">
          <metrics complexity="9" methods="2" coveredmethods="2" conditionals="0" coveredconditionals="0" statements="25" coveredstatements="25" elements="27" coveredelements="27"/>
        </class>
        <line num="24" type="method" name="replaceNamespace" visibility="protected" complexity="5" crap="5" count="7"/>
        <line num="27" type="stmt" count="7"/>
        <line num="29" type="stmt" count="6"/>
        <line num="30" type="stmt" count="6"/>
        <line num="31" type="stmt" count="4"/>
        <line num="32" type="stmt" count="2"/>
        <line num="34" type="stmt" count="6"/>
        <line num="36" type="stmt" count="6"/>
        <line num="37" type="stmt" count="5"/>
        <line num="38" type="stmt" count="5"/>
        <line num="40" type="stmt" count="1"/>
        <line num="43" type="stmt" count="6"/>
        <line num="44" type="stmt" count="6"/>
        <line num="45" type="stmt" count="6"/>
        <line num="46" type="stmt" count="6"/>
        <line num="47" type="stmt" count="6"/>
        <line num="49" type="stmt" count="6"/>
        <line num="52" type="stmt" count="7"/>
        <line num="60" type="method" name="guessModelName" visibility="protected" complexity="4" crap="4" count="4"/>
        <line num="63" type="stmt" count="4"/>
        <line num="64" type="stmt" count="3"/>
        <line num="65" type="stmt" count="3"/>
        <line num="68" type="stmt" count="3"/>
        <line num="69" type="stmt" count="3"/>
        <line num="70" type="stmt" count="1"/>
        <line num="73" type="stmt" count="2"/>
        <line num="76" type="stmt" count="1"/>
        <metrics loc="79" ncloc="67" classes="1" methods="2" coveredmethods="2" conditionals="0" coveredconditionals="0" statements="25" coveredstatements="25" elements="27" coveredelements="27"/>
      </file>
      <file name="/src/Console/Commands/Make/MakeJob.php">
        <class name="Zen\Modulr\Console\Commands\Make\MakeJob" namespace="Zen\Modulr\Console\Commands\Make">
          <metrics complexity="0" methods="0" coveredmethods="0" conditionals="0" coveredconditionals="0" statements="0" coveredstatements="0" elements="0" coveredelements="0"/>
        </class>
        <metrics loc="14" ncloc="14" classes="0" methods="0" coveredmethods="0" conditionals="0" coveredconditionals="0" statements="0" coveredstatements="0" elements="0" coveredelements="0"/>
      </file>
      <file name="/src/Console/Commands/Make/MakeListener.php">
        <class name="Zen\Modulr\Console\Commands\Make\MakeListener" namespace="Zen\Modulr\Console\Commands\Make">
          <metrics complexity="4" methods="1" coveredmethods="1" conditionals="0" coveredconditionals="0" statements="13" coveredstatements="13" elements="14" coveredelements="14"/>
        </class>
        <line num="23" type="method" name="buildClass" visibility="protected" complexity="4" crap="4" count="5"/>
        <line num="27" type="stmt" count="5"/>
        <line num="29" type="stmt" count="5"/>
        <line num="30" type="stmt" count="1"/>
        <line num="31" type="stmt" count="1"/>
        <line num="32" type="stmt" count="1"/>
        <line num="33" type="stmt" count="1"/>
        <line num="34" type="stmt" count="1"/>
        <line num="36" type="stmt" count="1"/>
        <line num="37" type="stmt" count="1"/>
        <line num="38" type="stmt" count="1"/>
        <line num="39" type="stmt" count="1"/>
        <line num="40" type="stmt" count="1"/>
        <line num="43" type="stmt" count="4"/>
        <metrics loc="46" ncloc="40" classes="1" methods="1" coveredmethods="1" conditionals="0" coveredconditionals="0" statements="13" coveredstatements="13" elements="14" coveredelements="14"/>
      </file>
      <file name="/src/Console/Commands/Make/MakeMail.php">
        <class name="Zen\Modulr\Console\Commands\Make\MakeMail" namespace="Zen\Modulr\Console\Commands\Make">
          <metrics complexity="5" methods="1" coveredmethods="1" conditionals="0" coveredconditionals="0" statements="15" coveredstatements="15" elements="16" coveredelements="16"/>
        </class>
        <line num="18" type="method" name="writeMarkdownTemplate" visibility="protected" complexity="5" crap="5" count="3"/>
        <line num="20" type="stmt" count="3"/>
        <line num="22" type="stmt" count="3"/>
        <line num="23" type="stmt" count="1"/>
        <line num="25" type="stmt" count="1"/>
        <line num="28" type="stmt" count="2"/>
        <line num="34" type="stmt" count="2"/>
        <line num="35" type="stmt" count="2"/>
        <line num="37" type="stmt" count="2"/>
        <line num="38" type="stmt" count="1"/>
        <line num="40" type="stmt" count="1"/>
        <line num="43" type="stmt" count="1"/>
        <line num="45" type="stmt" count="1"/>
        <line num="46" type="stmt" count="1"/>
        <line num="54" type="stmt" count="1"/>
        <line num="56" type="stmt" count="1"/>
        <metrics loc="59" ncloc="51" classes="1" methods="1" coveredmethods="1" conditionals="0" coveredconditionals="0" statements="15" coveredstatements="15" elements="16" coveredelements="16"/>
      </file>
      <file name="/src/Console/Commands/Make/MakeMiddleware.php">
        <class name="Zen\Modulr\Console\Commands\Make\MakeMiddleware" namespace="Zen\Modulr\Console\Commands\Make">
          <metrics complexity="0" methods="0" coveredmethods="0" conditionals="0" coveredconditionals="0" statements="0" coveredstatements="0" elements="0" coveredelements="0"/>
        </class>
        <metrics loc="14" ncloc="14" classes="0" methods="0" coveredmethods="0" conditionals="0" coveredconditionals="0" statements="0" coveredstatements="0" elements="0" coveredelements="0"/>
      </file>
      <file name="/src/Console/Commands/Make/MakeMigration.php">
        <class name="Zen\Modulr\Console\Commands\Make\MakeMigration" namespace="Zen\Modulr\Console\Commands\Make">
          <metrics complexity="3" methods="1" coveredmethods="1" conditionals="0" coveredconditionals="0" statements="9" coveredstatements="9" elements="10" coveredelements="10"/>
        </class>
        <line num="23" type="method" name="getMigrationPath" visibility="protected" complexity="3" crap="3" count="3"/>
        <line num="26" type="stmt" count="3"/>
        <line num="28" type="stmt" count="3"/>
        <line num="29" type="stmt" count="2"/>
        <line num="30" type="stmt" count="2"/>
        <line num="32" type="stmt" count="2"/>
        <line num="34" type="stmt" count="2"/>
        <line num="35" type="stmt" count="2"/>
        <line num="36" type="stmt" count="2"/>
        <line num="40" type="stmt" count="3"/>
        <metrics loc="43" ncloc="38" classes="1" methods="1" coveredmethods="1" conditionals="0" coveredconditionals="0" statements="9" coveredstatements="9" elements="10" coveredelements="10"/>
      </file>
      <file name="/src/Console/Commands/Make/MakeModel.php">
        <class name="Zen\Modulr\Console\Commands\Make\MakeModel" namespace="Zen\Modulr\Console\Commands\Make">
          <metrics complexity="6" methods="2" coveredmethods="2" conditionals="0" coveredconditionals="0" statements="19" coveredstatements="19" elements="21" coveredelements="21"/>
        </class>
        <line num="23" type="method" name="getDefaultNamespace" visibility="protected" complexity="2" crap="2" count="7"/>
        <line num="26" type="stmt" count="7"/>
        <line num="27" type="stmt" count="6"/>
        <line num="30" type="stmt" count="7"/>
        <line num="40" type="method" name="buildFactoryReplacements" visibility="protected" complexity="4" crap="4" count="7"/>
        <line num="43" type="stmt" count="7"/>
        <line num="45" type="stmt" count="7"/>
        <line num="47" type="stmt" count="1"/>
        <line num="48" type="stmt" count="1"/>
        <line num="51" type="stmt" count="1"/>
        <line num="52" type="stmt" count="1"/>
        <line num="54" type="stmt" count="1"/>
        <line num="57" type="stmt" count="1"/>
        <line num="58" type="stmt" count="1"/>
        <line num="60" type="stmt" count="1"/>
        <line num="62" type="stmt" count="1"/>
        <line num="63" type="stmt" count="1"/>
        <line num="65" type="stmt" count="6"/>
        <line num="66" type="stmt" count="6"/>
        <line num="67" type="stmt" count="6"/>
        <line num="70" type="stmt" count="7"/>
        <metrics loc="73" ncloc="59" classes="1" methods="2" coveredmethods="2" conditionals="0" coveredconditionals="0" statements="19" coveredstatements="19" elements="21" coveredelements="21"/>
      </file>
      <file name="/src/Console/Commands/Make/MakeModule.php">
        <class name="Zen\Modulr\Console\Commands\Make\MakeModule" namespace="Zen\Modulr\Console\Commands\Make">
          <metrics complexity="91" methods="30" coveredmethods="30" conditionals="0" coveredconditionals="0" statements="305" coveredstatements="305" elements="335" coveredelements="335"/>
        </class>
        <line num="155" type="method" name="__construct" visibility="public" complexity="1" crap="1" count="209"/>
        <line num="157" type="stmt" count="209"/>
        <line num="163" type="method" name="handle" visibility="public" complexity="6" crap="6" count="100"/>
        <line num="165" type="stmt" count="100"/>
        <line num="167" type="stmt" count="100"/>
        <line num="169" type="stmt" count="100"/>
        <line num="182" type="stmt" count="100"/>
        <line num="183" type="stmt" count="100"/>
        <line num="186" type="stmt" count="100"/>
        <line num="187" type="stmt" count="100"/>
        <line num="190" type="stmt" count="100"/>
        <line num="191" type="stmt" count="100"/>
        <line num="192" type="stmt" count="100"/>
        <line num="193" type="stmt" count="100"/>
        <line num="195" type="stmt" count="100"/>
        <line num="197" type="stmt" count="100"/>
        <line num="199" type="stmt" count="100"/>
        <line num="204" type="stmt" count="100"/>
        <line num="205" type="stmt" count="93"/>
        <line num="206" type="stmt" count="93"/>
        <line num="209" type="stmt" count="100"/>
        <line num="212" type="stmt" count="100"/>
        <line num="214" type="stmt" count="100"/>
        <line num="216" type="stmt" count="100"/>
        <line num="218" type="stmt" count="100"/>
        <line num="220" type="stmt" count="100"/>
        <line num="222" type="stmt" count="100"/>
        <line num="225" type="method" name="promptForComponents" visibility="protected" complexity="2" crap="2" count="95"/>
        <line num="229" type="stmt" count="95"/>
        <line num="230" type="stmt" count="93"/>
        <line num="234" type="stmt" count="2"/>
        <line num="235" type="stmt" count="2"/>
        <line num="236" type="stmt" count="2"/>
        <line num="237" type="stmt" count="2"/>
        <line num="238" type="stmt" count="2"/>
        <line num="239" type="stmt" count="2"/>
        <line num="241" type="stmt" count="2"/>
        <line num="244" type="method" name="promptForComponentOptions" visibility="protected" complexity="1" crap="1" count="94"/>
        <line num="246" type="stmt" count="94"/>
        <line num="247" type="stmt" count="94"/>
        <line num="248" type="stmt" count="94"/>
        <line num="249" type="stmt" count="94"/>
        <line num="250" type="stmt" count="94"/>
        <line num="251" type="stmt" count="94"/>
        <line num="254" type="method" name="promptForModelOptions" visibility="protected" complexity="3" crap="3" count="97"/>
        <line num="256" type="stmt" count="97"/>
        <line num="257" type="stmt" count="95"/>
        <line num="260" type="stmt" count="2"/>
        <line num="261" type="stmt" count="2"/>
        <line num="264" type="stmt" count="2"/>
        <line num="265" type="stmt" count="2"/>
        <line num="266" type="stmt" count="2"/>
        <line num="267" type="stmt" count="2"/>
        <line num="268" type="stmt" count="2"/>
        <line num="269" type="stmt" count="2"/>
        <line num="270" type="stmt" count="2"/>
        <line num="271" type="stmt" count="2"/>
        <line num="272" type="stmt" count="2"/>
        <line num="273" type="stmt" count="2"/>
        <line num="274" type="stmt" count="2"/>
        <line num="275" type="stmt" count="2"/>
        <line num="276" type="stmt" count="2"/>
        <line num="277" type="stmt" count="2"/>
        <line num="279" type="stmt" count="2"/>
        <line num="280" type="stmt" count="1"/>
        <line num="281" type="stmt" count="1"/>
        <line num="282" type="stmt" count="1"/>
        <line num="283" type="stmt" count="1"/>
        <line num="284" type="stmt" count="1"/>
        <line num="285" type="stmt" count="1"/>
        <line num="286" type="stmt" count="1"/>
        <line num="287" type="stmt" count="1"/>
        <line num="289" type="stmt" count="1"/>
        <line num="290" type="stmt" count="1"/>
        <line num="291" type="stmt" count="1"/>
        <line num="292" type="stmt" count="1"/>
        <line num="293" type="stmt" count="1"/>
        <line num="294" type="stmt" count="1"/>
        <line num="295" type="stmt" count="1"/>
        <line num="296" type="stmt" count="1"/>
        <line num="300" type="stmt" count="2"/>
        <line num="303" type="method" name="promptForControllerType" visibility="protected" complexity="4" crap="4" count="97"/>
        <line num="305" type="stmt" count="97"/>
        <line num="306" type="stmt" count="97"/>
        <line num="309" type="stmt" count="97"/>
        <line num="310" type="stmt" count="95"/>
        <line num="313" type="stmt" count="2"/>
        <line num="314" type="stmt" count="2"/>
        <line num="317" type="stmt" count="2"/>
        <line num="318" type="stmt" count="2"/>
        <line num="319" type="stmt" count="2"/>
        <line num="320" type="stmt" count="2"/>
        <line num="321" type="stmt" count="2"/>
        <line num="323" type="stmt" count="2"/>
        <line num="326" type="method" name="promptForMailOptions" visibility="protected" complexity="2" crap="2" count="96"/>
        <line num="328" type="stmt" count="96"/>
        <line num="329" type="stmt" count="95"/>
        <line num="332" type="stmt" count="1"/>
        <line num="333" type="stmt" count="1"/>
        <line num="335" type="stmt" count="1"/>
        <line num="336" type="stmt" count="1"/>
        <line num="337" type="stmt" count="1"/>
        <line num="338" type="stmt" count="1"/>
        <line num="341" type="method" name="promptForNotificationOptions" visibility="protected" complexity="2" crap="2" count="96"/>
        <line num="343" type="stmt" count="96"/>
        <line num="344" type="stmt" count="95"/>
        <line num="347" type="stmt" count="1"/>
        <line num="348" type="stmt" count="1"/>
        <line num="350" type="stmt" count="1"/>
        <line num="351" type="stmt" count="1"/>
        <line num="352" type="stmt" count="1"/>
        <line num="353" type="stmt" count="1"/>
        <line num="356" type="method" name="promptForComponentOptions2" visibility="protected" complexity="2" crap="2" count="96"/>
        <line num="358" type="stmt" count="96"/>
        <line num="359" type="stmt" count="95"/>
        <line num="362" type="stmt" count="1"/>
        <line num="363" type="stmt" count="1"/>
        <line num="365" type="stmt" count="1"/>
        <line num="366" type="stmt" count="1"/>
        <line num="367" type="stmt" count="1"/>
        <line num="368" type="stmt" count="1"/>
        <line num="371" type="method" name="promptForEventOptions" visibility="protected" complexity="2" crap="2" count="96"/>
        <line num="373" type="stmt" count="96"/>
        <line num="374" type="stmt" count="95"/>
        <line num="377" type="stmt" count="1"/>
        <line num="378" type="stmt" count="1"/>
        <line num="380" type="stmt" count="1"/>
        <line num="381" type="stmt" count="1"/>
        <line num="382" type="stmt" count="1"/>
        <line num="383" type="stmt" count="1"/>
        <line num="386" type="method" name="generateSelectedComponents" visibility="protected" complexity="3" crap="3" count="101"/>
        <line num="388" type="stmt" count="101"/>
        <line num="389" type="stmt" count="101"/>
        <line num="392" type="stmt" count="1"/>
        <line num="394" type="stmt" count="1"/>
        <line num="395" type="stmt" count="1"/>
        <line num="398" type="stmt" count="1"/>
        <line num="401" type="method" name="generateComponent" visibility="protected" complexity="9" crap="9" count="3"/>
        <line num="403" type="stmt" count="3"/>
        <line num="405" type="stmt" count="3"/>
        <line num="406" type="stmt" count="3"/>
        <line num="407" type="stmt" count="3"/>
        <line num="408" type="stmt" count="3"/>
        <line num="409" type="stmt" count="3"/>
        <line num="410" type="stmt" count="3"/>
        <line num="411" type="stmt" count="3"/>
        <line num="412" type="stmt" count="3"/>
        <line num="413" type="stmt" count="3"/>
        <line num="414" type="stmt" count="3"/>
        <line num="415" type="stmt" count="3"/>
        <line num="416" type="stmt" count="3"/>
        <line num="417" type="stmt" count="3"/>
        <line num="418" type="stmt" count="3"/>
        <line num="419" type="stmt" count="3"/>
        <line num="420" type="stmt" count="3"/>
        <line num="421" type="stmt" count="3"/>
        <line num="422" type="stmt" count="3"/>
        <line num="423" type="stmt" count="3"/>
        <line num="424" type="stmt" count="3"/>
        <line num="425" type="stmt" count="3"/>
        <line num="426" type="stmt" count="3"/>
        <line num="430" type="stmt" count="3"/>
        <line num="431" type="stmt" count="2"/>
        <line num="449" type="stmt" count="1"/>
        <line num="450" type="stmt" count="1"/>
        <line num="491" type="method" name="getModelOptions" visibility="protected" complexity="2" crap="2" count="4"/>
        <line num="493" type="stmt" count="4"/>
        <line num="496" type="stmt" count="4"/>
        <line num="497" type="stmt" count="1"/>
        <line num="502" type="stmt" count="4"/>
        <line num="504" type="stmt" count="4"/>
        <line num="510" type="method" name="controllerSelectedViaModel" visibility="protected" complexity="2" crap="2" count="1"/>
        <line num="512" type="stmt" count="1"/>
        <line num="520" type="method" name="getControllerOptions" visibility="protected" complexity="6" crap="6" count="4"/>
        <line num="522" type="stmt" count="4"/>
        <line num="523" type="stmt" count="4"/>
        <line num="524" type="stmt" count="1"/>
        <line num="525" type="stmt" count="1"/>
        <line num="526" type="stmt" count="1"/>
        <line num="527" type="stmt" count="4"/>
        <line num="528" type="stmt" count="4"/>
        <line num="536" type="method" name="getMailOptions" visibility="protected" complexity="2" crap="2" count="4"/>
        <line num="538" type="stmt" count="4"/>
        <line num="540" type="stmt" count="1"/>
        <line num="542" type="stmt" count="1"/>
        <line num="545" type="stmt" count="4"/>
        <line num="553" type="method" name="getNotificationOptions" visibility="protected" complexity="2" crap="2" count="4"/>
        <line num="555" type="stmt" count="4"/>
        <line num="557" type="stmt" count="1"/>
        <line num="559" type="stmt" count="1"/>
        <line num="562" type="stmt" count="4"/>
        <line num="570" type="method" name="getComponentOptions" visibility="protected" complexity="2" crap="2" count="4"/>
        <line num="572" type="stmt" count="4"/>
        <line num="573" type="stmt" count="1"/>
        <line num="576" type="stmt" count="4"/>
        <line num="579" type="method" name="shouldAbortToPublishConfig" visibility="protected" complexity="5" crap="5" count="100"/>
        <line num="582" type="stmt" count="100"/>
        <line num="583" type="stmt" count="100"/>
        <line num="584" type="stmt" count="100"/>
        <line num="586" type="stmt" count="100"/>
        <line num="610" type="method" name="ensureModulesDirectoryExists" visibility="protected" complexity="2" crap="2" count="101"/>
        <line num="612" type="stmt" count="101"/>
        <line num="613" type="stmt" count="101"/>
        <line num="614" type="stmt" count="101"/>
        <line num="618" type="method" name="writeStubs" visibility="protected" complexity="4" crap="4" count="102"/>
        <line num="620" type="stmt" count="102"/>
        <line num="623" type="stmt" count="102"/>
        <line num="625" type="stmt" count="102"/>
        <line num="626" type="stmt" count="102"/>
        <line num="627" type="stmt" count="102"/>
        <line num="628" type="stmt" count="102"/>
        <line num="629" type="stmt" count="102"/>
        <line num="630" type="stmt" count="102"/>
        <line num="631" type="stmt" count="102"/>
        <line num="632" type="stmt" count="102"/>
        <line num="633" type="stmt" count="102"/>
        <line num="634" type="stmt" count="102"/>
        <line num="635" type="stmt" count="102"/>
        <line num="636" type="stmt" count="102"/>
        <line num="639" type="stmt" count="102"/>
        <line num="641" type="stmt" count="102"/>
        <line num="643" type="stmt" count="102"/>
        <line num="644" type="stmt" count="102"/>
        <line num="648" type="stmt" count="102"/>
        <line num="649" type="stmt" count="102"/>
        <line num="651" type="stmt" count="102"/>
        <line num="653" type="stmt" count="102"/>
        <line num="654" type="stmt" count="1"/>
        <line num="656" type="stmt" count="1"/>
        <line num="659" type="stmt" count="102"/>
        <line num="660" type="stmt" count="102"/>
        <line num="662" type="stmt" count="102"/>
        <line num="665" type="stmt" count="102"/>
        <line num="668" type="method" name="seedersDirectory" visibility="protected" complexity="2" crap="2" count="2"/>
        <line num="670" type="stmt" count="2"/>
        <line num="671" type="stmt" count="2"/>
        <line num="672" type="stmt" count="2"/>
        <line num="679" type="method" name="updateCoreComposerConfig" visibility="protected" complexity="8" crap="8" count="101"/>
        <line num="681" type="stmt" count="101"/>
        <line num="686" type="stmt" count="101"/>
        <line num="690" type="stmt" count="101"/>
        <line num="692" type="stmt" count="101"/>
        <line num="694" type="stmt" count="101"/>
        <line num="696" type="stmt" count="101"/>
        <line num="697" type="stmt" count="4"/>
        <line num="700" type="stmt" count="101"/>
        <line num="705" type="stmt" count="101"/>
        <line num="706" type="stmt" count="101"/>
        <line num="707" type="stmt" count="101"/>
        <line num="708" type="stmt" count="101"/>
        <line num="709" type="stmt" count="101"/>
        <line num="710" type="stmt" count="101"/>
        <line num="711" type="stmt" count="101"/>
        <line num="712" type="stmt" count="101"/>
        <line num="714" type="stmt" count="101"/>
        <line num="717" type="stmt" count="101"/>
        <line num="718" type="stmt" count="101"/>
        <line num="719" type="stmt" count="101"/>
        <line num="721" type="stmt" count="101"/>
        <line num="722" type="stmt" count="6"/>
        <line num="723" type="stmt" count="6"/>
        <line num="725" type="stmt" count="6"/>
        <line num="726" type="stmt" count="1"/>
        <line num="728" type="stmt" count="5"/>
        <line num="730" type="stmt" count="6"/>
        <line num="734" type="stmt" count="101"/>
        <line num="735" type="stmt" count="101"/>
        <line num="736" type="stmt" count="18"/>
        <line num="737" type="stmt" count="18"/>
        <line num="739" type="stmt" count="18"/>
        <line num="740" type="stmt" count="18"/>
        <line num="743" type="stmt" count="101"/>
        <line num="744" type="stmt" count="18"/>
        <line num="745" type="stmt" count="18"/>
        <line num="747" type="stmt" count="85"/>
        <line num="750" type="stmt" count="101"/>
        <line num="752" type="stmt" count="101"/>
        <line num="759" type="method" name="sortComposerPackages" visibility="protected" complexity="1" crap="1" count="19"/>
        <line num="761" type="stmt" count="19"/>
        <line num="762" type="stmt" count="19"/>
        <line num="763" type="stmt" count="19"/>
        <line num="764" type="stmt" count="19"/>
        <line num="765" type="stmt" count="19"/>
        <line num="766" type="stmt" count="19"/>
        <line num="767" type="stmt" count="19"/>
        <line num="768" type="stmt" count="19"/>
        <line num="769" type="stmt" count="19"/>
        <line num="770" type="stmt" count="19"/>
        <line num="771" type="stmt" count="19"/>
        <line num="772" type="stmt" count="19"/>
        <line num="773" type="stmt" count="19"/>
        <line num="774" type="stmt" count="19"/>
        <line num="775" type="stmt" count="19"/>
        <line num="776" type="stmt" count="19"/>
        <line num="777" type="stmt" count="19"/>
        <line num="778" type="stmt" count="19"/>
        <line num="779" type="stmt" count="19"/>
        <line num="781" type="stmt" count="19"/>
        <line num="783" type="stmt" count="19"/>
        <line num="786" type="method" name="setUpStyles" visibility="protected" complexity="2" crap="2" count="101"/>
        <line num="788" type="stmt" count="101"/>
        <line num="790" type="stmt" count="101"/>
        <line num="791" type="stmt" count="101"/>
        <line num="795" type="method" name="title" visibility="protected" complexity="1" crap="1" count="104"/>
        <line num="797" type="stmt" count="104"/>
        <line num="803" type="method" name="newLine" visibility="public" complexity="1" crap="1" count="112"/>
        <line num="805" type="stmt" count="112"/>
        <line num="807" type="stmt" count="112"/>
        <line num="813" type="method" name="getStubs" visibility="protected" complexity="7" crap="7" count="104"/>
        <line num="815" type="stmt" count="104"/>
        <line num="816" type="stmt" count="104"/>
        <line num="818" type="stmt" count="1"/>
        <line num="821" type="stmt" count="103"/>
        <line num="824" type="stmt" count="103"/>
        <line num="825" type="stmt" count="103"/>
        <line num="826" type="stmt" count="103"/>
        <line num="827" type="stmt" count="103"/>
        <line num="830" type="stmt" count="103"/>
        <line num="831" type="stmt" count="1"/>
        <line num="835" type="stmt" count="103"/>
        <line num="836" type="stmt" count="1"/>
        <line num="840" type="stmt" count="103"/>
        <line num="841" type="stmt" count="1"/>
        <line num="842" type="stmt" count="1"/>
        <line num="843" type="stmt" count="1"/>
        <line num="844" type="stmt" count="1"/>
        <line num="848" type="stmt" count="103"/>
        <line num="849" type="stmt" count="1"/>
        <line num="853" type="stmt" count="103"/>
        <line num="854" type="stmt" count="1"/>
        <line num="857" type="stmt" count="103"/>
        <line num="860" type="method" name="isComponentSelected" visibility="protected" complexity="1" crap="1" count="107"/>
        <line num="862" type="stmt" count="107"/>
        <line num="865" type="method" name="pathToStub" visibility="protected" complexity="1" crap="1" count="104"/>
        <line num="867" type="stmt" count="104"/>
        <metrics loc="899" ncloc="737" classes="1" methods="30" coveredmethods="30" conditionals="0" coveredconditionals="0" statements="305" coveredstatements="305" elements="335" coveredelements="335"/>
      </file>
      <file name="/src/Console/Commands/Make/MakeNotification.php">
        <class name="Zen\Modulr\Console\Commands\Make\MakeNotification" namespace="Zen\Modulr\Console\Commands\Make">
          <metrics complexity="5" methods="1" coveredmethods="1" conditionals="0" coveredconditionals="0" statements="16" coveredstatements="16" elements="17" coveredelements="17"/>
        </class>
        <line num="18" type="method" name="writeMarkdownTemplate" visibility="protected" complexity="5" crap="5" count="3"/>
        <line num="20" type="stmt" count="3"/>
        <line num="22" type="stmt" count="3"/>
        <line num="23" type="stmt" count="1"/>
        <line num="25" type="stmt" count="1"/>
        <line num="28" type="stmt" count="2"/>
        <line num="34" type="stmt" count="2"/>
        <line num="36" type="stmt" count="2"/>
        <line num="37" type="stmt" count="2"/>
        <line num="39" type="stmt" count="2"/>
        <line num="40" type="stmt" count="1"/>
        <line num="42" type="stmt" count="1"/>
        <line num="45" type="stmt" count="1"/>
        <line num="47" type="stmt" count="1"/>
        <line num="48" type="stmt" count="1"/>
        <line num="56" type="stmt" count="1"/>
        <line num="58" type="stmt" count="1"/>
        <metrics loc="61" ncloc="52" classes="1" methods="1" coveredmethods="1" conditionals="0" coveredconditionals="0" statements="16" coveredstatements="16" elements="17" coveredelements="17"/>
      </file>
      <file name="/src/Console/Commands/Make/MakeObserver.php">
        <class name="Zen\Modulr\Console\Commands\Make\MakeObserver" namespace="Zen\Modulr\Console\Commands\Make">
          <metrics complexity="0" methods="0" coveredmethods="0" conditionals="0" coveredconditionals="0" statements="0" coveredstatements="0" elements="0" coveredelements="0"/>
        </class>
        <metrics loc="14" ncloc="14" classes="0" methods="0" coveredmethods="0" conditionals="0" coveredconditionals="0" statements="0" coveredstatements="0" elements="0" coveredelements="0"/>
      </file>
      <file name="/src/Console/Commands/Make/MakePolicy.php">
        <class name="Zen\Modulr\Console\Commands\Make\MakePolicy" namespace="Zen\Modulr\Console\Commands\Make">
          <metrics complexity="0" methods="0" coveredmethods="0" conditionals="0" coveredconditionals="0" statements="0" coveredstatements="0" elements="0" coveredelements="0"/>
        </class>
        <metrics loc="14" ncloc="14" classes="0" methods="0" coveredmethods="0" conditionals="0" coveredconditionals="0" statements="0" coveredstatements="0" elements="0" coveredelements="0"/>
      </file>
      <file name="/src/Console/Commands/Make/MakeProvider.php">
        <class name="Zen\Modulr\Console\Commands\Make\MakeProvider" namespace="Zen\Modulr\Console\Commands\Make">
          <metrics complexity="0" methods="0" coveredmethods="0" conditionals="0" coveredconditionals="0" statements="0" coveredstatements="0" elements="0" coveredelements="0"/>
        </class>
        <metrics loc="14" ncloc="14" classes="0" methods="0" coveredmethods="0" conditionals="0" coveredconditionals="0" statements="0" coveredstatements="0" elements="0" coveredelements="0"/>
      </file>
      <file name="/src/Console/Commands/Make/MakeRequest.php">
        <class name="Zen\Modulr\Console\Commands\Make\MakeRequest" namespace="Zen\Modulr\Console\Commands\Make">
          <metrics complexity="0" methods="0" coveredmethods="0" conditionals="0" coveredconditionals="0" statements="0" coveredstatements="0" elements="0" coveredelements="0"/>
        </class>
        <metrics loc="14" ncloc="14" classes="0" methods="0" coveredmethods="0" conditionals="0" coveredconditionals="0" statements="0" coveredstatements="0" elements="0" coveredelements="0"/>
      </file>
      <file name="/src/Console/Commands/Make/MakeResource.php">
        <class name="Zen\Modulr\Console\Commands\Make\MakeResource" namespace="Zen\Modulr\Console\Commands\Make">
          <metrics complexity="0" methods="0" coveredmethods="0" conditionals="0" coveredconditionals="0" statements="0" coveredstatements="0" elements="0" coveredelements="0"/>
        </class>
        <metrics loc="14" ncloc="14" classes="0" methods="0" coveredmethods="0" conditionals="0" coveredconditionals="0" statements="0" coveredstatements="0" elements="0" coveredelements="0"/>
      </file>
      <file name="/src/Console/Commands/Make/MakeRule.php">
        <class name="Zen\Modulr\Console\Commands\Make\MakeRule" namespace="Zen\Modulr\Console\Commands\Make">
          <metrics complexity="0" methods="0" coveredmethods="0" conditionals="0" coveredconditionals="0" statements="0" coveredstatements="0" elements="0" coveredelements="0"/>
        </class>
        <metrics loc="14" ncloc="14" classes="0" methods="0" coveredmethods="0" conditionals="0" coveredconditionals="0" statements="0" coveredstatements="0" elements="0" coveredelements="0"/>
      </file>
      <file name="/src/Console/Commands/Make/MakeSeeder.php">
        <class name="Zen\Modulr\Console\Commands\Make\MakeSeeder" namespace="Zen\Modulr\Console\Commands\Make">
          <metrics complexity="4" methods="2" coveredmethods="2" conditionals="0" coveredconditionals="0" statements="7" coveredstatements="7" elements="9" coveredelements="9"/>
        </class>
        <line num="25" type="method" name="getPath" visibility="protected" complexity="2" crap="2" count="2"/>
        <line num="28" type="stmt" count="2"/>
        <line num="29" type="stmt" count="1"/>
        <line num="31" type="stmt" count="1"/>
        <line num="34" type="stmt" count="1"/>
        <line num="40" type="method" name="rootNamespace" visibility="protected" complexity="2" crap="2" count="2"/>
        <line num="43" type="stmt" count="2"/>
        <line num="44" type="stmt" count="1"/>
        <line num="47" type="stmt" count="1"/>
        <metrics loc="50" ncloc="42" classes="1" methods="2" coveredmethods="2" conditionals="0" coveredconditionals="0" statements="7" coveredstatements="7" elements="9" coveredelements="9"/>
      </file>
      <file name="/src/Console/Commands/Make/MakeTest.php">
        <class name="Zen\Modulr\Console\Commands\Make\MakeTest" namespace="Zen\Modulr\Console\Commands\Make">
          <metrics complexity="4" methods="2" coveredmethods="2" conditionals="0" coveredconditionals="0" statements="8" coveredstatements="8" elements="10" coveredelements="10"/>
        </class>
        <line num="25" type="method" name="getPath" visibility="protected" complexity="2" crap="2" count="2"/>
        <line num="28" type="stmt" count="2"/>
        <line num="30" type="stmt" count="1"/>
        <line num="31" type="stmt" count="1"/>
        <line num="33" type="stmt" count="1"/>
        <line num="36" type="stmt" count="1"/>
        <line num="42" type="method" name="rootNamespace" visibility="protected" complexity="2" crap="2" count="2"/>
        <line num="45" type="stmt" count="2"/>
        <line num="46" type="stmt" count="1"/>
        <line num="49" type="stmt" count="1"/>
        <metrics loc="52" ncloc="43" classes="1" methods="2" coveredmethods="2" conditionals="0" coveredconditionals="0" statements="8" coveredstatements="8" elements="10" coveredelements="10"/>
      </file>
    </package>
    <package name="Zen\Modulr\Exceptions">
      <file name="/src/Exceptions/CannotFindModuleForPathException.php">
        <class name="Zen\Modulr\Exceptions\CannotFindModuleForPathException" namespace="Zen\Modulr\Exceptions">
          <metrics complexity="1" methods="1" coveredmethods="1" conditionals="0" coveredconditionals="0" statements="1" coveredstatements="1" elements="2" coveredelements="2"/>
        </class>
        <line num="11" type="method" name="__construct" visibility="public" complexity="1" crap="1" count="2"/>
        <line num="13" type="stmt" count="2"/>
        <metrics loc="16" ncloc="16" classes="1" methods="1" coveredmethods="1" conditionals="0" coveredconditionals="0" statements="1" coveredstatements="1" elements="2" coveredelements="2"/>
      </file>
      <file name="/src/Exceptions/Exception.php">
        <class name="Zen\Modulr\Exceptions\Exception" namespace="Zen\Modulr\Exceptions">
          <metrics complexity="0" methods="0" coveredmethods="0" conditionals="0" coveredconditionals="0" statements="0" coveredstatements="0" elements="0" coveredelements="0"/>
        </class>
        <metrics loc="8" ncloc="8" classes="0" methods="0" coveredmethods="0" conditionals="0" coveredconditionals="0" statements="0" coveredstatements="0" elements="0" coveredelements="0"/>
      </file>
    </package>
    <package name="Zen\Modulr">
      <file name="/src/ModulrServiceProvider.php">
        <class name="Zen\Modulr\ModulrServiceProvider" namespace="Zen\Modulr">
          <metrics complexity="26" methods="17" coveredmethods="17" conditionals="0" coveredconditionals="0" statements="112" coveredstatements="112" elements="129" coveredelements="129"/>
        </class>
        <line num="54" type="method" name="register" visibility="public" complexity="2" crap="2" count="380"/>
        <line num="57" type="stmt" count="380"/>
        <line num="59" type="stmt" count="380"/>
        <line num="60" type="stmt" count="380"/>
        <line num="62" type="stmt" count="1"/>
        <line num="64" type="stmt" count="1"/>
        <line num="65" type="stmt" count="380"/>
        <line num="67" type="stmt" count="380"/>
        <line num="68" type="stmt" count="380"/>
        <line num="70" type="stmt" count="380"/>
        <line num="71" type="stmt" count="380"/>
        <line num="72" type="stmt" count="380"/>
        <line num="73" type="stmt" count="380"/>
        <line num="75" type="stmt" count="380"/>
        <line num="77" type="stmt" count="380"/>
        <line num="79" type="stmt" count="2"/>
        <line num="81" type="stmt" count="2"/>
        <line num="83" type="stmt" count="2"/>
        <line num="84" type="stmt" count="380"/>
        <line num="86" type="stmt" count="380"/>
        <line num="91" type="stmt" count="380"/>
        <line num="92" type="stmt" count="380"/>
        <line num="95" type="stmt" count="380"/>
        <line num="102" type="method" name="boot" visibility="public" complexity="1" crap="1" count="380"/>
        <line num="104" type="stmt" count="380"/>
        <line num="105" type="stmt" count="380"/>
        <line num="107" type="stmt" count="380"/>
        <line num="108" type="stmt" count="380"/>
        <line num="109" type="stmt" count="380"/>
        <line num="110" type="stmt" count="380"/>
        <line num="116" type="method" name="registry" visibility="protected" complexity="1" crap="1" count="380"/>
        <line num="118" type="stmt" count="380"/>
        <line num="124" type="method" name="autoDiscoveryHelper" visibility="protected" complexity="1" crap="1" count="380"/>
        <line num="126" type="stmt" count="380"/>
        <line num="129" type="method" name="publishVendorFiles" visibility="protected" complexity="1" crap="1" count="380"/>
        <line num="131" type="stmt" count="380"/>
        <line num="132" type="stmt" count="380"/>
        <line num="133" type="stmt" count="380"/>
        <line num="136" type="method" name="bootPackageCommands" visibility="protected" complexity="2" crap="2" count="380"/>
        <line num="142" type="stmt" count="380"/>
        <line num="143" type="stmt" count="380"/>
        <line num="144" type="stmt" count="380"/>
        <line num="145" type="stmt" count="380"/>
        <line num="146" type="stmt" count="380"/>
        <line num="147" type="stmt" count="380"/>
        <line num="148" type="stmt" count="380"/>
        <line num="149" type="stmt" count="380"/>
        <line num="150" type="stmt" count="380"/>
        <line num="156" type="method" name="bootRoutes" visibility="protected" complexity="2" crap="2" count="380"/>
        <line num="162" type="stmt" count="380"/>
        <line num="163" type="stmt" count="380"/>
        <line num="164" type="stmt" count="380"/>
        <line num="166" type="stmt" count="380"/>
        <line num="173" type="method" name="bootViews" visibility="protected" complexity="1" crap="1" count="380"/>
        <line num="175" type="stmt" count="380"/>
        <line num="176" type="stmt" count="1"/>
        <line num="177" type="stmt" count="1"/>
        <line num="178" type="stmt" count="1"/>
        <line num="179" type="stmt" count="1"/>
        <line num="180" type="stmt" count="1"/>
        <line num="181" type="stmt" count="1"/>
        <line num="182" type="stmt" count="380"/>
        <line num="189" type="method" name="bootBladeComponents" visibility="protected" complexity="1" crap="1" count="380"/>
        <line num="191" type="stmt" count="380"/>
        <line num="193" type="stmt" count="1"/>
        <line num="194" type="stmt" count="1"/>
        <line num="195" type="stmt" count="1"/>
        <line num="196" type="stmt" count="1"/>
        <line num="197" type="stmt" count="1"/>
        <line num="198" type="stmt" count="1"/>
        <line num="199" type="stmt" count="1"/>
        <line num="202" type="stmt" count="1"/>
        <line num="203" type="stmt" count="1"/>
        <line num="204" type="stmt" count="1"/>
        <line num="205" type="stmt" count="1"/>
        <line num="206" type="stmt" count="1"/>
        <line num="207" type="stmt" count="1"/>
        <line num="208" type="stmt" count="380"/>
        <line num="215" type="method" name="bootTranslations" visibility="protected" complexity="1" crap="1" count="380"/>
        <line num="217" type="stmt" count="380"/>
        <line num="219" type="stmt" count="1"/>
        <line num="220" type="stmt" count="1"/>
        <line num="221" type="stmt" count="1"/>
        <line num="222" type="stmt" count="1"/>
        <line num="223" type="stmt" count="1"/>
        <line num="225" type="stmt" count="1"/>
        <line num="226" type="stmt" count="1"/>
        <line num="227" type="stmt" count="1"/>
        <line num="228" type="stmt" count="380"/>
        <line num="234" type="method" name="registerMigrations" visibility="protected" complexity="1" crap="1" count="1"/>
        <line num="236" type="stmt" count="1"/>
        <line num="237" type="stmt" count="1"/>
        <line num="238" type="stmt" count="1"/>
        <line num="239" type="stmt" count="1"/>
        <line num="240" type="stmt" count="1"/>
        <line num="246" type="method" name="registerEloquentFactories" visibility="protected" complexity="1" crap="1" count="380"/>
        <line num="248" type="stmt" count="380"/>
        <line num="250" type="stmt" count="380"/>
        <line num="251" type="stmt" count="380"/>
        <line num="258" type="method" name="registerPolicies" visibility="protected" complexity="4" crap="4" count="2"/>
        <line num="260" type="stmt" count="2"/>
        <line num="261" type="stmt" count="2"/>
        <line num="262" type="stmt" count="2"/>
        <line num="263" type="stmt" count="2"/>
        <line num="264" type="stmt" count="2"/>
        <line num="268" type="stmt" count="2"/>
        <line num="269" type="stmt" count="2"/>
        <line num="270" type="stmt" count="2"/>
        <line num="271" type="stmt" count="1"/>
        <line num="276" type="stmt" count="2"/>
        <line num="277" type="stmt" count="1"/>
        <line num="278" type="stmt" count="1"/>
        <line num="280" type="stmt" count="1"/>
        <line num="281" type="stmt" count="1"/>
        <line num="284" type="stmt" count="2"/>
        <line num="291" type="method" name="registerCommands" visibility="protected" complexity="2" crap="2" count="168"/>
        <line num="293" type="stmt" count="168"/>
        <line num="294" type="stmt" count="168"/>
        <line num="309" type="method" name="registerLazily" visibility="protected" complexity="1" crap="1" count="380"/>
        <line num="311" type="stmt" count="380"/>
        <line num="313" type="stmt" count="380"/>
        <line num="319" type="method" name="getModulesBasePath" visibility="protected" complexity="2" crap="2" count="380"/>
        <line num="321" type="stmt" count="380"/>
        <line num="323" type="stmt" count="380"/>
        <line num="324" type="stmt" count="380"/>
        <line num="327" type="stmt" count="380"/>
        <line num="330" type="method" name="isInstantiableCommand" visibility="protected" complexity="2" crap="2" count="1"/>
        <line num="332" type="stmt" count="1"/>
        <line num="333" type="stmt" count="1"/>
        <metrics loc="336" ncloc="268" classes="1" methods="17" coveredmethods="17" conditionals="0" coveredconditionals="0" statements="112" coveredstatements="112" elements="129" coveredelements="129"/>
      </file>
    </package>
    <package name="Zen\Modulr\Providers">
      <file name="/src/Providers/CommandsServiceProvider.php">
        <class name="Zen\Modulr\Providers\CommandsServiceProvider" namespace="Zen\Modulr\Providers">
          <metrics complexity="5" methods="3" coveredmethods="3" conditionals="0" coveredconditionals="0" statements="21" coveredstatements="21" elements="24" coveredelements="24"/>
        </class>
        <line num="70" type="method" name="register" visibility="public" complexity="1" crap="1" count="380"/>
        <line num="76" type="stmt" count="380"/>
        <line num="77" type="stmt" count="380"/>
        <line num="78" type="stmt" count="168"/>
        <line num="79" type="stmt" count="168"/>
        <line num="80" type="stmt" count="380"/>
        <line num="81" type="stmt" count="380"/>
        <line num="84" type="method" name="registerMakeCommandOverrides" visibility="protected" complexity="3" crap="3" count="168"/>
        <line num="86" type="stmt" count="168"/>
        <line num="87" type="stmt" count="168"/>
        <line num="88" type="stmt" count="168"/>
        <line num="89" type="stmt" count="168"/>
        <line num="90" type="stmt" count="168"/>
        <line num="95" type="method" name="registerMigrationCommandOverrides" visibility="protected" complexity="1" crap="1" count="169"/>
        <line num="98" type="stmt" count="169"/>
        <line num="100" type="stmt" count="1"/>
        <line num="102" type="stmt" count="1"/>
        <line num="104" type="stmt" count="1"/>
        <line num="105" type="stmt" count="169"/>
        <line num="108" type="stmt" count="169"/>
        <line num="110" type="stmt" count="4"/>
        <line num="112" type="stmt" count="4"/>
        <line num="114" type="stmt" count="4"/>
        <line num="115" type="stmt" count="169"/>
        <metrics loc="118" ncloc="106" classes="1" methods="3" coveredmethods="3" conditionals="0" coveredconditionals="0" statements="21" coveredstatements="21" elements="24" coveredelements="24"/>
      </file>
      <file name="/src/Providers/EventServiceProvider.php">
        <class name="Zen\Modulr\Providers\EventServiceProvider" namespace="Zen\Modulr\Providers">
          <metrics complexity="3" methods="3" coveredmethods="3" conditionals="0" coveredconditionals="0" statements="16" coveredstatements="16" elements="19" coveredelements="19"/>
        </class>
        <line num="22" type="method" name="discoverEvents" visibility="public" complexity="1" crap="1" count="1"/>
        <line num="26" type="stmt" count="1"/>
        <line num="27" type="stmt" count="1"/>
        <line num="28" type="stmt" count="1"/>
        <line num="29" type="stmt" count="1"/>
        <line num="30" type="stmt" count="1"/>
        <line num="31" type="stmt" count="1"/>
        <line num="33" type="stmt" count="1"/>
[...]
      </file>
      <file name="/src/Support/FinderCollection.php">
        <class name="Zen\Modulr\Support\FinderCollection" namespace="Zen\Modulr\Support">
          <metrics complexity="26" methods="12" coveredmethods="12" conditionals="0" coveredconditionals="0" statements="35" coveredstatements="35" elements="47" coveredelements="47"/>
        </class>
        <line num="25" type="method" name="forFiles" visibility="public" complexity="1" crap="1" count="380"/>
        <line num="27" type="stmt" count="380"/>
        <line num="30" type="method" name="forDirectories" visibility="public" complexity="1" crap="1" count="13"/>
        <line num="32" type="stmt" count="13"/>
        <line num="38" type="method" name="__construct" visibility="public" complexity="3" crap="3" count="380"/>
        <line num="42" type="stmt" count="380"/>
        <line num="44" type="stmt" count="380"/>
        <line num="45" type="stmt" count="380"/>
        <line num="52" type="method" name="in" visibility="public" complexity="2" crap="2" count="380"/>
        <line num="54" type="stmt" count="380"/>
        <line num="55" type="stmt" count="380"/>
        <line num="58" type="stmt" count="1"/>
        <line num="64" type="method" name="inOrEmpty" visibility="public" complexity="2" crap="2" count="380"/>
        <line num="67" type="stmt" count="380"/>
        <line num="68" type="stmt" count="380"/>
        <line num="69" type="stmt" count="380"/>
        <line num="76" type="method" name="depth" visibility="public" complexity="2" crap="2" count="380"/>
        <line num="78" type="stmt" count="380"/>
        <line num="79" type="stmt" count="380"/>
        <line num="82" type="stmt" count="1"/>
        <line num="88" type="method" name="name" visibility="public" complexity="2" crap="2" count="380"/>
        <line num="90" type="stmt" count="380"/>
        <line num="91" type="stmt" count="380"/>
        <line num="94" type="stmt" count="1"/>
        <line num="97" type="method" name="sortByName" visibility="public" complexity="2" crap="2" count="380"/>
        <line num="99" type="stmt" count="380"/>
        <line num="100" type="stmt" count="380"/>
        <line num="103" type="stmt" count="1"/>
        <line num="111" type="method" name="collect" visibility="public" complexity="1" crap="1" count="380"/>
        <line num="113" type="stmt" count="380"/>
        <line num="119" type="method" name="__call" visibility="public" complexity="3" crap="3" count="380"/>
        <line num="121" type="stmt" count="380"/>
        <line num="123" type="stmt" count="380"/>
        <line num="124" type="stmt" count="1"/>
        <line num="127" type="stmt" count="380"/>
        <line num="128" type="stmt" count="380"/>
        <line num="131" type="stmt" count="11"/>
        <line num="137" type="method" name="forwardCallTargetForMethod" visibility="private" complexity="4" crap="4" count="380"/>
        <line num="139" type="stmt" count="380"/>
        <line num="140" type="stmt" count="2"/>
        <line num="143" type="stmt" count="380"/>
        <line num="149" type="method" name="forwardCollection" visibility="private" complexity="3" crap="3" count="380"/>
        <line num="151" type="stmt" count="380"/>
        <line num="152" type="stmt" count="380"/>
        <line num="153" type="stmt" count="380"/>
        <line num="154" type="stmt" count="101"/>
        <line num="157" type="stmt" count="380"/>
        <metrics loc="160" ncloc="125" classes="1" methods="12" coveredmethods="12" conditionals="0" coveredconditionals="0" statements="35" coveredstatements="35" elements="47" coveredelements="47"/>
      </file>
      <file name="/src/Support/Registry.php">
        <class name="Zen\Modulr\Support\Registry" namespace="Zen\Modulr\Support">
          <metrics complexity="20" methods="11" coveredmethods="11" conditionals="0" coveredconditionals="0" statements="52" coveredstatements="52" elements="63" coveredelements="63"/>
        </class>
        <line num="17" type="method" name="__construct" visibility="public" complexity="1" crap="1" count="380"/>
        <line num="20" type="stmt" count="380"/>
        <line num="22" type="method" name="getModulesPath" visibility="public" complexity="1" crap="1" count="380"/>
        <line num="24" type="stmt" count="380"/>
        <line num="27" type="method" name="getCachePath" visibility="public" complexity="1" crap="1" count="103"/>
        <line num="29" type="stmt" count="103"/>
        <line num="32" type="method" name="module" visibility="public" complexity="2" crap="2" count="108"/>
        <line num="35" type="stmt" count="108"/>
        <line num="36" type="stmt" count="102"/>
        <line num="37" type="stmt" count="108"/>
        <line num="40" type="method" name="moduleForPath" visibility="public" complexity="1" crap="1" count="12"/>
        <line num="42" type="stmt" count="12"/>
        <line num="48" type="method" name="moduleForPathOrFail" visibility="public" complexity="2" crap="2" count="6"/>
        <line num="50" type="stmt" count="6"/>
        <line num="51" type="stmt" count="5"/>
        <line num="54" type="stmt" count="1"/>
        <line num="57" type="method" name="moduleForClass" visibility="public" complexity="3" crap="3" count="12"/>
        <line num="59" type="stmt" count="12"/>
        <line num="60" type="stmt" count="9"/>
        <line num="61" type="stmt" count="9"/>
        <line num="62" type="stmt" count="9"/>
        <line num="66" type="stmt" count="5"/>
        <line num="67" type="stmt" count="12"/>
        <line num="73" type="method" name="modules" visibility="public" complexity="1" crap="1" count="116"/>
        <line num="75" type="stmt" count="116"/>
        <line num="81" type="method" name="reload" visibility="public" complexity="1" crap="1" count="380"/>
        <line num="83" type="stmt" count="380"/>
        <line num="85" type="stmt" count="380"/>
        <line num="91" type="method" name="loadModules" visibility="protected" complexity="3" crap="3" count="380"/>
        <line num="93" type="stmt" count="380"/>
        <line num="95" type="stmt" count="1"/>
        <line num="98" type="stmt" count="1"/>
        <line num="99" type="stmt" count="1"/>
        <line num="101" type="stmt" count="1"/>
        <line num="102" type="stmt" count="1"/>
        <line num="104" type="stmt" count="1"/>
        <line num="105" type="stmt" count="1"/>
        <line num="107" type="stmt" count="1"/>
        <line num="110" type="stmt" count="380"/>
        <line num="111" type="stmt" count="7"/>
        <line num="115" type="stmt" count="380"/>
        <line num="116" type="stmt" count="380"/>
        <line num="117" type="stmt" count="380"/>
        <line num="118" type="stmt" count="380"/>
        <line num="119" type="stmt" count="380"/>
        <line num="120" type="stmt" count="380"/>
        <line num="121" type="stmt" count="380"/>
        <line num="122" type="stmt" count="100"/>
        <line num="124" type="stmt" count="100"/>
        <line num="125" type="stmt" count="380"/>
        <line num="126" type="stmt" count="380"/>
        <line num="127" type="stmt" count="380"/>
        <line num="129" type="stmt" count="380"/>
        <line num="132" type="method" name="extractModuleNameFromPath" visibility="protected" complexity="4" crap="4" count="12"/>
        <line num="135" type="stmt" count="12"/>
        <line num="139" type="stmt" count="12"/>
        <line num="140" type="stmt" count="7"/>
        <line num="142" type="stmt" count="5"/>
        <line num="143" type="stmt" count="5"/>
        <line num="144" type="stmt" count="3"/>
        <line num="145" type="stmt" count="3"/>
        <line num="146" type="stmt" count="1"/>
        <line num="151" type="stmt" count="12"/>
        <metrics loc="154" ncloc="133" classes="1" methods="11" coveredmethods="11" conditionals="0" coveredconditionals="0" statements="52" coveredstatements="52" elements="63" coveredelements="63"/>
      </file>
    </package>
    <package name="Zen\Modulr\Support\Facades">
      <file name="/src/Support/Facades/Modulr.php">
        <class name="Zen\Modulr\Support\Facades\Modulr" namespace="Zen\Modulr\Support\Facades">
          <metrics complexity="1" methods="1" coveredmethods="1" conditionals="0" coveredconditionals="0" statements="1" coveredstatements="1" elements="2" coveredelements="2"/>
        </class>
        <line num="23" type="method" name="getFacadeAccessor" visibility="protected" complexity="1" crap="1" count="13"/>
        <line num="25" type="stmt" count="13"/>
        <metrics loc="28" ncloc="19" classes="1" methods="1" coveredmethods="1" conditionals="0" coveredconditionals="0" statements="1" coveredstatements="1" elements="2" coveredelements="2"/>
      </file>
    </package>
    <package name="Zen\Modulr\Support\PhpStorm">
      <file name="/src/Support/PhpStorm/ConfigWriter.php">
        <class name="Zen\Modulr\Support\PhpStorm\ConfigWriter" namespace="Zen\Modulr\Support\PhpStorm">
          <metrics complexity="8" methods="5" coveredmethods="5" conditionals="0" coveredconditionals="0" statements="19" coveredstatements="19" elements="24" coveredelements="24"/>
        </class>
        <line num="18" type="method" name="__construct" visibility="public" complexity="1" crap="1" count="30"/>
        <line num="20" type="method" name="handle" visibility="public" complexity="2" crap="2" count="12"/>
        <line num="22" type="stmt" count="12"/>
        <line num="23" type="stmt" count="6"/>
        <line num="26" type="stmt" count="9"/>
        <line num="29" type="method" name="checkConfigFilePermissions" visibility="protected" complexity="3" crap="3" count="12"/>
        <line num="31" type="stmt" count="12"/>
        <line num="32" type="stmt" count="6"/>
        <line num="35" type="stmt" count="9"/>
        <line num="38" type="method" name="error" visibility="protected" complexity="1" crap="1" count="6"/>
        <line num="40" type="stmt" count="6"/>
        <line num="42" type="stmt" count="6"/>
        <line num="45" type="method" name="formatXml" visibility="protected" complexity="1" crap="1" count="13"/>
        <line num="47" type="stmt" count="13"/>
        <line num="48" type="stmt" count="13"/>
        <line num="49" type="stmt" count="13"/>
        <line num="51" type="stmt" count="13"/>
        <line num="52" type="stmt" count="13"/>
        <line num="54" type="stmt" count="13"/>
        <line num="56" type="stmt" count="13"/>
        <line num="57" type="stmt" count="13"/>
        <line num="59" type="stmt" count="13"/>
        <line num="61" type="stmt" count="13"/>
        <metrics loc="64" ncloc="64" classes="1" methods="5" coveredmethods="5" conditionals="0" coveredconditionals="0" statements="19" coveredstatements="19" elements="24" coveredelements="24"/>
      </file>
      <file name="/src/Support/PhpStorm/LaravelConfigWriter.php">
        <class name="Zen\Modulr\Support\PhpStorm\LaravelConfigWriter" namespace="Zen\Modulr\Support\PhpStorm">
          <metrics complexity="10" methods="2" coveredmethods="2" conditionals="0" coveredconditionals="0" statements="40" coveredstatements="40" elements="42" coveredelements="42"/>
        </class>
        <line num="13" type="method" name="write" visibility="public" complexity="4" crap="4" count="8"/>
        <line num="15" type="stmt" count="8"/>
        <line num="16" type="stmt" count="6"/>
        <line num="19" type="stmt" count="6"/>
        <line num="20" type="stmt" count="3"/>
        <line num="21" type="stmt" count="3"/>
        <line num="27" type="stmt" count="6"/>
        <line num="28" type="stmt" count="6"/>
        <line num="29" type="stmt" count="6"/>
        <line num="30" type="stmt" count="6"/>
        <line num="32" type="stmt" count="6"/>
        <line num="33" type="stmt" count="6"/>
        <line num="34" type="stmt" count="6"/>
        <line num="35" type="stmt" count="4"/>
        <line num="36" type="stmt" count="4"/>
        <line num="37" type="stmt" count="4"/>
        <line num="38" type="stmt" count="4"/>
        <line num="40" type="stmt" count="6"/>
        <line num="42" type="stmt" count="6"/>
        <line num="45" type="method" name="getNormalizedPluginConfig" visibility="protected" complexity="6" crap="6" count="8"/>
        <line num="47" type="stmt" count="8"/>
        <line num="48" type="stmt" count="8"/>
        <line num="49" type="stmt" count="1"/>
        <line num="52" type="stmt" count="7"/>
        <line num="53" type="stmt" count="7"/>
        <line num="54" type="stmt" count="1"/>
        <line num="58" type="stmt" count="6"/>
        <line num="59" type="stmt" count="6"/>
        <line num="60" type="stmt" count="2"/>
        <line num="61" type="stmt" count="2"/>
        <line num="62" type="stmt" count="2"/>
        <line num="64" type="stmt" count="4"/>
        <line num="68" type="stmt" count="6"/>
        <line num="69" type="stmt" count="6"/>
        <line num="70" type="stmt" count="2"/>
        <line num="71" type="stmt" count="2"/>
        <line num="72" type="stmt" count="2"/>
        <line num="74" type="stmt" count="4"/>
        <line num="78" type="stmt" count="6"/>
        <line num="79" type="stmt" count="6"/>
        <line num="80" type="stmt" count="2"/>
        <line num="83" type="stmt" count="6"/>
        <metrics loc="86" ncloc="80" classes="1" methods="2" coveredmethods="2" conditionals="0" coveredconditionals="0" statements="40" coveredstatements="40" elements="42" coveredelements="42"/>
      </file>
      <file name="/src/Support/PhpStorm/PhpFrameworkWriter.php">
        <class name="Zen\Modulr\Support\PhpStorm\PhpFrameworkWriter" namespace="Zen\Modulr\Support\PhpStorm">
          <metrics complexity="7" methods="1" coveredmethods="1" conditionals="0" coveredconditionals="0" statements="19" coveredstatements="19" elements="20" coveredelements="20"/>
        </class>
        <line num="13" type="method" name="write" visibility="public" complexity="7" crap="7" count="8"/>
        <line num="15" type="stmt" count="8"/>
        <line num="16" type="stmt" count="8"/>
        <line num="17" type="stmt" count="1"/>
        <line num="20" type="stmt" count="7"/>
        <line num="21" type="stmt" count="7"/>
        <line num="22" type="stmt" count="1"/>
        <line num="25" type="stmt" count="6"/>
        <line num="26" type="stmt" count="6"/>
        <line num="27" type="stmt" count="1"/>
        <line num="31" type="stmt" count="5"/>
        <line num="32" type="stmt" count="5"/>
        <line num="33" type="stmt" count="5"/>
        <line num="34" type="stmt" count="5"/>
        <line num="35" type="stmt" count="5"/>
        <line num="37" type="stmt" count="5"/>
        <line num="39" type="stmt" count="5"/>
        <line num="40" type="stmt" count="5"/>
        <line num="41" type="stmt" count="3"/>
        <line num="45" type="stmt" count="5"/>
        <metrics loc="48" ncloc="47" classes="1" methods="1" coveredmethods="1" conditionals="0" coveredconditionals="0" statements="19" coveredstatements="19" elements="20" coveredelements="20"/>
      </file>
      <file name="/src/Support/PhpStorm/ProjectImlWriter.php">
        <class name="Zen\Modulr\Support\PhpStorm\ProjectImlWriter" namespace="Zen\Modulr\Support\PhpStorm">
          <metrics complexity="10" methods="2" coveredmethods="2" conditionals="0" coveredconditionals="0" statements="45" coveredstatements="45" elements="47" coveredelements="47"/>
        </class>
        <line num="14" type="method" name="write" visibility="public" complexity="5" crap="5" count="6"/>
        <line num="17" type="stmt" count="6"/>
        <line num="19" type="stmt" count="6"/>
        <line num="20" type="stmt" count="4"/>
        <line num="23" type="stmt" count="4"/>
        <line num="24" type="stmt" count="4"/>
        <line num="27" type="stmt" count="4"/>
        <line num="28" type="stmt" count="4"/>
        <line num="29" type="stmt" count="4"/>
        <line num="31" type="stmt" count="4"/>
        <line num="32" type="stmt" count="4"/>
        <line num="33" type="stmt" count="4"/>
        <line num="34" type="stmt" count="1"/>
        <line num="36" type="stmt" count="1"/>
        <line num="37" type="stmt" count="1"/>
        <line num="38" type="stmt" count="1"/>
        <line num="39" type="stmt" count="1"/>
        <line num="40" type="stmt" count="1"/>
        <line num="41" type="stmt" count="1"/>
        <line num="45" type="stmt" count="1"/>
        <line num="46" type="stmt" count="1"/>
        <line num="47" type="stmt" count="1"/>
        <line num="48" type="stmt" count="1"/>
        <line num="49" type="stmt" count="1"/>
        <line num="50" type="stmt" count="1"/>
        <line num="51" type="stmt" count="1"/>
        <line num="54" type="stmt" count="4"/>
        <line num="56" type="stmt" count="4"/>
        <line num="59" type="method" name="getNormalizedPluginConfig" visibility="protected" complexity="5" crap="5" count="6"/>
        <line num="61" type="stmt" count="6"/>
        <line num="62" type="stmt" count="6"/>
        <line num="63" type="stmt" count="1"/>
        <line num="66" type="stmt" count="5"/>
        <line num="67" type="stmt" count="5"/>
        <line num="68" type="stmt" count="1"/>
        <line num="72" type="stmt" count="4"/>
        <line num="73" type="stmt" count="4"/>
        <line num="74" type="stmt" count="2"/>
        <line num="75" type="stmt" count="2"/>
        <line num="76" type="stmt" count="2"/>
        <line num="78" type="stmt" count="2"/>
        <line num="82" type="stmt" count="4"/>
        <line num="83" type="stmt" count="4"/>
        <line num="84" type="stmt" count="2"/>
        <line num="85" type="stmt" count="2"/>
        <line num="86" type="stmt" count="2"/>
        <line num="89" type="stmt" count="4"/>
        <metrics loc="92" ncloc="87" classes="1" methods="2" coveredmethods="2" conditionals="0" coveredconditionals="0" statements="45" coveredstatements="45" elements="47" coveredelements="47"/>
      </file>
      <file name="/src/Support/PhpStorm/WorkspaceWriter.php">
        <class name="Zen\Modulr\Support\PhpStorm\WorkspaceWriter" namespace="Zen\Modulr\Support\PhpStorm">
          <metrics complexity="7" methods="1" coveredmethods="1" conditionals="0" coveredconditionals="0" statements="19" coveredstatements="19" elements="20" coveredelements="20"/>
        </class>
        <line num="13" type="method" name="write" visibility="public" complexity="7" crap="7" count="7"/>
        <line num="15" type="stmt" count="7"/>
        <line num="16" type="stmt" count="7"/>
        <line num="17" type="stmt" count="1"/>
        <line num="20" type="stmt" count="6"/>
        <line num="21" type="stmt" count="6"/>
        <line num="22" type="stmt" count="1"/>
        <line num="25" type="stmt" count="5"/>
        <line num="26" type="stmt" count="5"/>
        <line num="27" type="stmt" count="1"/>
        <line num="31" type="stmt" count="4"/>
        <line num="32" type="stmt" count="4"/>
        <line num="33" type="stmt" count="4"/>
        <line num="34" type="stmt" count="4"/>
        <line num="35" type="stmt" count="4"/>
        <line num="37" type="stmt" count="4"/>
        <line num="39" type="stmt" count="4"/>
        <line num="40" type="stmt" count="4"/>
        <line num="41" type="stmt" count="3"/>
        <line num="45" type="stmt" count="4"/>
        <metrics loc="48" ncloc="47" classes="1" methods="1" coveredmethods="1" conditionals="0" coveredconditionals="0" statements="19" coveredstatements="19" elements="20" coveredelements="20"/>
      </file>
    </package>
    <metrics files="50" loc="4496" ncloc="3830" classes="37" methods="165" coveredmethods="165" conditionals="0" coveredconditionals="0" statements="1293" coveredstatements="1293" elements="1458" coveredelements="1458"/>
  </project>
</coverage>
